0804a13d b7635e46 08049d2d b764e57f b764e50f 0804a5b8 0804eb66 (asid=0x07a4d000)  1
0804a13d b7635e46 08049d2d b764e57f b764e50f 0804a5dc 0804eb66 (asid=0x07a4d000)  1
0804a13d b7635e46 08049d2d b764e57f b764e50f 0804a5b8 0804eb75 (asid=0x07a4d000)  1
0804a13d b7635e46 08049d2d b764e57f b764e50f 0804a5dc 0804eb75 (asid=0x07a4d000)  1
0804a13d b7635de4 080514e6 (asid=0x07a4d000)  1
0804a13d b7635de4 080514eb 0805153a (asid=0x07a4d000)  1
0804a13d b7635de4 080514eb 0805153d (asid=0x07a4d000)  1
c104ac1f 08065777 0806552d 0806546d 08070434 08067699 08067254 (asid=0x07ae4000)  1
c104ac1f 0806bdcb (asid=0x07ae4000)  2
c104ac1f 08065777 0806552d 0806546d 08070434 08067699 08067249 08071c69 (asid=0x07ae4000)  1
c104ac1f 0806569c 0807d701 0807ba9a 0808adeb 080871be (asid=0x07ae4000)  1
c104ac1f 0806569c 0807d701 0807ba9a 0808ade6 (asid=0x07ae4000)  1
c104ac1f 08065777 0806552d 0806546d 08070434 08067675 0807f1af 0807ee28 0807eda1 0807ed29 0807dc57 0809cdd6 (asid=0x07ae4000)  1
c104ac1f 0806569c 0807d701 0807a261 080783e4 0809be96 080d7b72 (asid=0x07ae4000)  1
c104ac1f 0806569c 0807d701 0807a261 080783e4 0809be96 080d7b82 b75db493 b75734d8 (asid=0x07ae4000)  1
c104ac1f 0806569c 0807d701 0807a261 080783e4 0809be96 080d7b82 b75db493 b7573502 (asid=0x07ae4000)  1
c104ac1f 0806569c 0807d701 0807a261 080783e4 0809be96 080d7b82 b75db493 b7573536 (asid=0x07ae4000)  1
c104ac1f 0806569c 0807d701 0807a261 080783e4 0809be96 080d7b82 b75db493 b757353b (asid=0x07ae4000)  1
c104ac1f 0806569c 0807d701 0807a261 080783e4 0809be96 080d7b82 b75db493 b757354e (asid=0x07ae4000)  1
c104ac1f 0806569c 0807d701 0807a261 080783e4 0809be96 080d7b82 b75db493 b7573975 (asid=0x07ae4000)  1
c104ac1f 0806569c 0807d701 0807a261 080783e4 0809be96 080d7b82 b75db493 b7573977 (asid=0x07ae4000)  1
c104ac1f 08065777 0806552d 0806546d 08070434 08067699 08067249 08071c75 b75d1334 (asid=0x07ae4000)  1
c104ac1f 08065777 0806552d 0806546d 08070434 08067699 08067249 08071c75 b75d1338 (asid=0x07ae4000)  1
c104ac1f 08065777 0806552d 0806546d 08070434 08067699 08067249 08071c75 b75d1355 (asid=0x07ae4000)  1
c104ac1f 08065777 0806552d 0806546d 08070434 08067699 08067249 08071c75 b75d13ec (asid=0x07ae4000)  1
c104ac1f 08065777 0806552d 0806546d 08070434 08067699 08067249 08071c75 b75d13f2 (asid=0x07ae4000)  1
c104ac1f 08065777 0806552d 0806546d 08070434 08067699 08067249 08071c75 b75d13f8 (asid=0x07ae4000)  1
c104ac1f 08065777 0806552d 0806546d 08070434 08067699 08067249 08071c75 b75d13fb (asid=0x07ae4000)  1
c104ac1f 0806569c 0807d701 0807a261 080783e4 0809be96 080d7b82 b75db3a5 (asid=0x07ae4000)  1
c104ac1f 0806569c 0807d701 0807a261 080783e4 0809be96 080d7b82 b75db3d0 (asid=0x07ae4000)  1
c104ac1f 0806569c 0807d701 0807a261 080783e4 0809be96 080d7b82 b75db419 (asid=0x07ae4000)  1
c104ac1f 0806569c 0807d701 0807a261 080783e4 0809be96 080d7b82 b75db43b (asid=0x07ae4000)  1
c104ac1f 0806569c 0807d701 0807a261 080783e4 0809be96 080d7b82 b75db43e (asid=0x07ae4000)  1
c104ac1f 0806569c 0807d701 0807a261 080783e4 0809be96 080d7b82 b75db518 (asid=0x07ae4000)  1
c104ac1f 0806569c 0807d701 0807a261 080783e4 0809be96 080d7b82 b75db51b (asid=0x07ae4000)  1
c104ac1f 0806569c 0807d701 0807a261 080783e4 0809be96 080d7b82 b75db521 (asid=0x07ae4000)  1
0804a13d b7635e46 08049509 b763ffa9 b7640833 b7637a3e b763f0ba b763efbf (asid=0x07a4d000)  12
0804a13d b7635e46 08049509 b763ffa9 b7640833 b7637a3e b763f0eb b763efbf (asid=0x07a4d000)  12
0804a13d b7635e46 08049509 b763ffa9 b7640833 b7637a3e b763f0ba b763efc3 (asid=0x07a4d000)  12
0804a13d b7635e46 08049509 b763ffa9 b7640833 b7637a3e b763f0eb b763efc3 (asid=0x07a4d000)  12
0804a13d b7635e46 08049509 b763ffa9 b7640833 b7637a3e b763f0ba b763efca (asid=0x07a4d000)  12
0804a13d b7635e46 08049509 b763ffa9 b7640833 b7637a3e b763f0eb b763efca (asid=0x07a4d000)  12
0804a13d b7635e46 08049509 b763ffa9 b7640833 b7637a3e b763f0ba b763efcd (asid=0x07a4d000)  12
0804a13d b7635e46 08049509 b763ffa9 b7640833 b7637a3e b763f0eb b763efcd (asid=0x07a4d000)  12
0804a13d b7635e46 08049509 b763ffa9 b7640833 b7637a3e b763f0eb b763f072 (asid=0x07a4d000)  12
0804a13d b7635e46 08049509 b763ffa9 b7640833 b7637a3e b763f0e6 (asid=0x07a4d000)  12
0804a13d b7635e46 08049509 b763ffa9 b7640833 b7637aad b76390d3 b763f6ae (asid=0x07a4d000)  1
c104ac1f 08065777 0806552d 0806546d 08070434 08067699 0806725d b7640638 (asid=0x07ae4000)  1
0804a13d b7635e46 08049509 b763ffa9 b7640892 b7640f33 b7640b2b (asid=0x07a4d000)  1
0804a13d b7635e46 08049509 b763ffa9 b7640892 b7640f33 b7640b3e (asid=0x07a4d000)  1
0804a13d b7635e46 08049509 b763ffa9 b7640892 b7640e34 (asid=0x07a4d000)  2
0804a13d b7635e46 08049509 b763ffa9 b7640892 b7640e5f (asid=0x07a4d000)  1
0804a13d b7635e46 08049509 b763ffa9 b7640892 b7640e64 (asid=0x07a4d000)  1
0804a13d b7635e46 08049509 b763ffa9 b7640892 b7640f4a (asid=0x07a4d000)  2
0804a13d b7635e46 08049509 b763ffa9 b7640900 b76471c4 b7646e13 (asid=0x07a4d000)  7
0804a13d b7635e46 08049509 b763ffa9 b7640900 b76471c4 b76471c4 b7646ec9 (asid=0x07a4d000)  4
0804a13d b7635e46 08049509 b763ffa9 b7640900 b76471c4 b76471c4 b7646ee0 (asid=0x07a4d000)  4
0804a13d b7635e46 08049509 b763ffa9 b7640768 b7646efc (asid=0x07a4d000)  1
0804a13d b7635e46 08049509 b763ffa9 b7640900 b7646efc (asid=0x07a4d000)  1
0804a13d b7635e46 08049509 b763ffa9 b7640900 b76471c4 b76471c4 b76471c4 b7646efc (asid=0x07a4d000)  3
0804a13d b7635e46 08049509 b763ffa9 b7640768 b7646f3d (asid=0x07a4d000)  1
0804a13d b7635e46 08049509 b763ffa9 b7640900 b7646f3d (asid=0x07a4d000)  1
0804a13d b7635e46 08049509 b763ffa9 b7640900 b76471c4 b76471c4 b76471c4 b7646f3d (asid=0x07a4d000)  3
0804a13d b7635e46 08049509 b763ffa9 b7640900 b76471c4 b7646f4e (asid=0x07a4d000)  1
0804a13d b7635e46 08049509 b763ffa9 b7640900 b76471c4 b7646f52 (asid=0x07a4d000)  1
0804a13d b7635e46 08049509 b763ffa9 b7640900 b76471c4 b7646f5e (asid=0x07a4d000)  1
0804a13d b7635e46 08049509 b763ffa9 b7640900 b76471c4 b7646f68 (asid=0x07a4d000)  50
0804a13d b7635e46 08049509 b763ffa9 b7640900 b76471c4 b76471c4 b7646f6e (asid=0x07a4d000)  9
0804a13d b7635e46 08049509 b763ffa9 b7640900 b76471c4 b7646f72 (asid=0x07a4d000)  50
0804a13d b7635e46 08049509 b763ffa9 b7640900 b76471c4 b7646f89 (asid=0x07a4d000)  21
0804a13d b7635e46 08049509 b763ffa9 b7640900 b76471c4 b7646f8c (asid=0x07a4d000)  27
0804a13d b7635e46 08049509 b763ffa9 b7640900 b76471c4 b76471c4 b7646f96 (asid=0x07a4d000)  2
0804a13d b7635e46 08049509 b763ffa9 b7640900 b7647008 (asid=0x07a4d000)  1
0804a13d b7635e46 08049509 b763ffa9 b7640900 b76471c4 b76471c4 b76471c4 b7647008 (asid=0x07a4d000)  1
0804a13d b7635e46 08049509 b763ffa9 b7640900 b764700b (asid=0x07a4d000)  1
0804a13d b7635e46 08049509 b763ffa9 b7640900 b76471c4 b76471c4 b76471c4 b764700b (asid=0x07a4d000)  1
0804a13d b7635e46 08049509 b763ffa9 b7640900 b7647014 (asid=0x07a4d000)  1
0804a13d b7635e46 08049509 b763ffa9 b7640900 b76471c4 b76471c4 b76471c4 b7647014 (asid=0x07a4d000)  1
0804a13d b7635e46 08049509 b763ffa9 b7640900 b76471c4 b76471c4 b764701a (asid=0x07a4d000)  4
0804a13d b7635e46 08049509 b763ffa9 b7640900 b764703b (asid=0x07a4d000)  1
0804a13d b7635e46 08049509 b763ffa9 b7640900 b76471c4 b76471c4 b76471c4 b764703b (asid=0x07a4d000)  1
0804a13d b7635e46 08049509 b763ffa9 b7640900 b76471c4 b76471c4 b76471c4 b7647053 (asid=0x07a4d000)  1
0804a13d b7635e46 08049509 b763ffa9 b7640900 b76471c4 b76471c4 b76471c4 b7647059 (asid=0x07a4d000)  1
0804a13d b7635e46 08049509 b763ffa9 b7640900 b76470ab (asid=0x07a4d000)  7
0804a13d b7635e46 08049509 b763ffa9 b7640900 b76470c7 (asid=0x07a4d000)  1
0804a13d b7635e46 08049509 b763ffa9 b7640900 b76471c4 b76471c4 b76471c4 b76470c7 (asid=0x07a4d000)  1
0804a13d b7635e46 08049509 b763ffa9 b7640900 b76470d2 (asid=0x07a4d000)  1
0804a13d b7635e46 08049509 b763ffa9 b7640900 b76471c4 b76471c4 b76471c4 b76470d2 (asid=0x07a4d000)  1
0804a13d b7635e46 08049509 b763ffa9 b7640900 b76471c4 b76470da (asid=0x07a4d000)  3
0804a13d b7635e46 08049509 b763ffa9 b7640900 b76471c8 (asid=0x07a4d000)  1
0804a13d b7635e46 08049509 b763ffa9 b7640900 b76471c4 b76471c8 (asid=0x07a4d000)  6
0804a13d b7635e46 08049509 b763ffa9 b7640900 b76471c4 b76471e5 (asid=0x07a4d000)  6
0804a13d b7635e46 08049509 b763ffa9 b7640900 b76471c4 b76471f0 (asid=0x07a4d000)  6
0804a13d b7635e46 08049509 b763ffa9 b7640900 b76471c4 b76471f8 (asid=0x07a4d000)  4
0804a13d b7635e46 08049509 b763ffa9 b7640900 b76471c4 b76471c4 b76471fb (asid=0x07a4d000)  1
0804a13d b7635e46 08049509 b763ffa9 b7640768 b764722d (asid=0x07a4d000)  1
0804a13d b7635e46 08049509 b763ffa9 b7640900 b764722d (asid=0x07a4d000)  1
0804a13d b7635e46 08049509 b763ffa9 b7640900 b76471c4 b76471c4 b764722d (asid=0x07a4d000)  1
0804a13d b7635e46 08049509 b763ffa9 b7640768 b7647247 (asid=0x07a4d000)  1
0804a13d b7635e46 08049509 b763ffa9 b7640900 b7647247 (asid=0x07a4d000)  1
0804a13d b7635e46 08049509 b763ffa9 b7640900 b76471c4 b76471c4 b7647247 (asid=0x07a4d000)  3
0804a13d b7635e46 08049509 b763ffa9 b7640768 b7647261 (asid=0x07a4d000)  4
0804a13d b7635e46 08049509 b763ffa9 b7640900 b7647261 (asid=0x07a4d000)  4
0804a13d b7635e46 08049509 b763ffa9 b7640900 b76471c4 b76471c4 b7647261 (asid=0x07a4d000)  2
0804a13d b7635e46 08049509 b763ffa9 b7640900 b76471c4 b7647289 (asid=0x07a4d000)  1
0804a13d b7635e46 08049509 b763ffa9 b7640900 b76471c4 b764728b (asid=0x07a4d000)  1
0804a13d b7635e46 08049509 b763ffa9 b7640900 b764728e (asid=0x07a4d000)  1
0804a13d b7635e46 08049d2d b764e57f b764e50f 0804a5dc 0804eb7a b76803c3 (asid=0x07a4d000)  2
0804a13d b7635e46 08049509 b763ffa9 b764069f b7646a7d b76464e8 b76867b1 b7681ae1 b7681b44 (asid=0x07a4d000)  1
0804a13d b7635e46 08049509 b763ffa9 b764069f b7646a7d b76464e8 b76867b1 b7681ae1 b7681b4e (asid=0x07a4d000)  1
0804a13d b7635e46 08049509 b763ffa9 b764069f b7646a7d b76464e8 b76867b1 b7681ae1 b7681b59 (asid=0x07a4d000)  1
0804a13d b7635e46 08049509 b763ffa9 b764069f b7646a7d b76464e8 b76867b1 b7681ae1 b7681b85 (asid=0x07a4d000)  1
0804a13d b7635e46 08049509 b763ffa9 b764069f b7646a7d b76464e8 b76867b1 b7681ae1 b7681beb (asid=0x07a4d000)  1
0804a13d b7635e46 08049509 b763ffa9 b764069f b7646a7d b76464e8 b76867b1 b7681ae1 b7681c06 (asid=0x07a4d000)  1
0804a13d b7635e46 08049d2d b764e57f b764e50f 0804a5dc 0804eb6b b7685b17 (asid=0x07a4d000)  2
0804a13d b7635e46 08049d2d b764e57f b764e4b6 b768e7e6 (asid=0x07a4d000)  1
0804a13d b7635e46 08049509 b763ffa9 b7640900 b76471c4 b76471f0 b769481d b7691183 (asid=0x07a4d000)  6
0804a13d b7635e46 08049509 b763ffa9 b76405d7 b7641a88 b769481d b76911cd (asid=0x07a4d000)  1
0804a13d b7635e46 08049509 b763ffa9 b7640900 b76471c4 b76471f0 b769481d b7691237 (asid=0x07a4d000)  6
0804a13d b7635e46 08049509 b763ffa9 b7640900 b76471c4 b76471c4 b7647006 b76948ec b7692323 (asid=0x07a4d000)  3
0804a13d b7635e46 08049509 b763ffa9 b7640900 b76471c4 b76471c4 b7647006 b76948ec b76923a9 (asid=0x07a4d000)  3
0804a13d b7635e46 08049509 b763ffa9 b7640900 b76471c4 b76471c4 b7646eae b76948ec b7692936 (asid=0x07a4d000)  6
0804a13d b7635e46 08049509 b763ffa9 b7640900 b76471c4 b76471c4 b7647006 b76948ec b769293c (asid=0x07a4d000)  6
0804a13d b7635e46 08049509 b763ffa9 b7640900 b76471c4 b76471c4 b7647006 b76948ec b7692cf2 (asid=0x07a4d000)  6
0804a13d b7635e46 08049509 b763ffa9 b7640900 b76471c4 b76471c4 b76471c4 b7647006 b76948ec b7692cfa (asid=0x07a4d000)  6
0804a13d b7635e46 08049509 b763ffa9 b7640900 b76471c4 b76471c4 b7647006 b76948ec b7692d14 (asid=0x07a4d000)  6
0804a13d b7635e46 08049509 b763ffa9 b7640900 b76471c4 b76471c4 b7646eae b76948ec b7692d24 (asid=0x07a4d000)  6
0804a13d b7635e46 08049509 b763ffa9 b764092b b76947c7 (asid=0x07a4d000)  1
0804a13d b7635e46 08049509 b763ffa9 b764092b b7694834 (asid=0x07a4d000)  1
0804a13d b7635e46 08049509 b763ffa9 b7640900 b76471c4 b76471c4 b7647006 b76948a4 (asid=0x07a4d000)  4
0804a13d b7635e46 08049509 b763ffa9 b7640900 b76471c4 b76471c4 b7647006 b76948a7 (asid=0x07a4d000)  3
0804a13d b7635e46 08049509 b763ffa9 b7640900 b76471c4 b76471c4 b7647006 b7694951 (asid=0x07a4d000)  4
0804a13d b7635e46 08049509 b763ffa9 b7640900 b76471c4 b76471c4 b7647006 b7694954 (asid=0x07a4d000)  3
0804a13d b7635e46 08049509 b763ffa9 b7640900 b76471c4 b7646f7a b7697b00 (asid=0x07a4d000)  50
0804a13d b7635e46 08049509 b763ffa9 b7640900 b76471c4 b76471c4 b7646f7a b7697b04 (asid=0x07a4d000)  9
0804a13d b7635e46 08049509 b763ffa9 b7640900 b76471c4 b76471c4 b76471c4 b7646f4b b7697b75 (asid=0x07a4d000)  5
0804a13d b7635e46 08049509 b763ffa9 b7640900 b76471c4 b76471c4 b7646f4b b7697b7c (asid=0x07a4d000)  4
0804a13d b7635e46 08049509 b763ffa9 b7640900 b76471c4 b76471c4 b7646f4b b7697b8f (asid=0x07a4d000)  4
0804a13d b7635e46 08049509 b763ffa9 b7640900 b76471c4 b76471c4 b7646eec b769b227 b76981b9 (asid=0x07a4d000)  4
0804a13d b7635e46 08049509 b763ffa9 b764069f b7646a7d b76464e8 b76867b1 b7681ae1 b7681b56 b7698ca2 (asid=0x07a4d000)  1
0804a13d b7635e46 08049509 b763ffa9 b7640900 b76471c4 b76471c4 b76471c4 b7646f08 b7699520 (asid=0x07a4d000)  5
0804a13d b7635e46 08049509 b763ffa9 b7640900 b7647239 b7699520 (asid=0x07a4d000)  3
0804a13d b7635e46 08049509 b763ffa9 b7640900 b76471c4 b76471c4 b7647253 b7699520 (asid=0x07a4d000)  5
0804a13d b7635e46 08049509 b763ffa9 b7640900 b764726d b7699520 (asid=0x07a4d000)  10
0804a13d b7635e46 08049509 b763ffa9 b7640900 b76471c4 b76471c4 b7646ed5 b7699882 (asid=0x07a4d000)  4
0804a13d b7635e46 08049509 b763ffa9 b764069f b7646a7d b76464e8 b76867b1 b7681ae1 b7681bfd b7699888 (asid=0x07a4d000)  1
0804a13d b7635e46 08049509 b763ffa9 b7640900 b76471c4 b76471c4 b7646ed5 b76998d1 (asid=0x07a4d000)  4
0804a13d b7635e46 08049509 b763ffa9 b7640900 b7647159 b769aae0 (asid=0x07a4d000)  7
0804a13d b7635e46 08049509 b763ffa9 b7640900 b7647159 b769aba4 (asid=0x07a4d000)  7
0804a13d b7635e46 08049509 b763ffa9 b7640900 b76471c4 b76471c4 b7646fb6 b769ade3 (asid=0x07a4d000)  3
0804a13d b7635e46 08049509 b763ffa9 b7640900 b76471c4 b76471c4 b764702b b769ade3 (asid=0x07a4d000)  3
0804a13d b7635e46 08049509 b763ffa9 b7640900 b76471c4 b76471c4 b764706e b769ade3 (asid=0x07a4d000)  3
0804a13d b7635e46 08049509 b763ffa9 b7640900 b76471c4 b76471c4 b7646fb6 b769ade4 (asid=0x07a4d000)  4
0804a13d b7635e46 08049509 b763ffa9 b7640900 b76471c4 b76471c4 b764702b b769ade4 (asid=0x07a4d000)  4
0804a13d b7635e46 08049509 b763ffa9 b7640900 b76471c4 b76471c4 b764706e b769ade4 (asid=0x07a4d000)  4
0804a13d b7635e46 08049509 b763ffa9 b7640900 b76471c4 b76471c4 b7646fb6 b769ae1c (asid=0x07a4d000)  4
0804a13d b7635e46 08049509 b763ffa9 b7640900 b76471c4 b76471c4 b764702b b769ae1c (asid=0x07a4d000)  4
0804a13d b7635e46 08049509 b763ffa9 b7640900 b76471c4 b76471c4 b764706e b769ae1c (asid=0x07a4d000)  4
0804a13d b7635e46 08049509 b763ffa9 b7640900 b76471c4 b76471c4 b7646fb6 b769ae1d (asid=0x07a4d000)  3
0804a13d b7635e46 08049509 b763ffa9 b7640900 b76471c4 b76471c4 b764702b b769ae1d (asid=0x07a4d000)  3
0804a13d b7635e46 08049509 b763ffa9 b7640900 b76471c4 b76471c4 b764706e b769ae1d (asid=0x07a4d000)  3
0804a13d b7635e46 08049509 b763ffa9 b7640900 b76471c4 b76471c4 b7646eec b769b1f4 (asid=0x07a4d000)  4
0804a13d b7635e46 08049509 b763ffa9 b7640900 b76471c4 b76471c4 b7646eec b769b207 (asid=0x07a4d000)  4
0804a13d b7635e46 08049509 b763ffa9 b7640900 b76471c4 b76471c4 b7646eec b769b21f (asid=0x07a4d000)  4
0804a13d b7635e46 08049509 b763ffa9 b7640900 b76471c4 b76471c4 b7646eec b769b237 (asid=0x07a4d000)  4
0804a13d b7635e46 08049509 b763ffa9 b7640892 b7640e6c b76e4fd3 (asid=0x07a4d000)  1
0804a13d b7635e46 08049509 b763ffa9 b76405d7 b76419ad b7646cd7 b7694a68 b7694b6c b76907c9 b772b5c0 (asid=0x07a4d000)  4
0804a13d b7635e46 08049509 b763ffa9 b76405d7 b76419ad b7646cd7 b7694a68 b7694b6c b76907c9 b772b5c6 (asid=0x07a4d000)  7
0804a13d b7635e46 08049509 b763ffa9 b76405d7 b76419ad b7646cd7 b7694a68 b7694b6c b76907c9 b772b620 (asid=0x07a4d000)  11
0804a13d b7635e46 08049509 b763ffa9 b76405d7 b76419ad b7646cd7 b7694a68 b7694b6c b76907c9 b772b626 (asid=0x07a4d000)  11
0804a13d b7635e46 08049509 b763ffa9 b76405d7 b76419ad b7646cd7 b7694a68 b7694b6c b76907c9 b772b62e (asid=0x07a4d000)  5
0804a13d b7635e46 08049509 b763ffa9 b76405d7 b76419ad b7646cd7 b7694a68 b7694b6c b76907c9 b772b63a (asid=0x07a4d000)  2
0804a13d b7635e46 08049509 b763ffa9 b76405d7 b76419ad b7646cd7 b7694a68 b7694b6c b76907c9 b772b64c (asid=0x07a4d000)  3
0804a13d b7635e46 08049509 b763ffa9 b76405d7 b76419ad b7646cd7 b7694a68 b7694b6c b76907c9 b772b676 (asid=0x07a4d000)  8
0804a13d b7635e46 08049509 b763ffa9 b76405d7 b76419ad b7646cd7 b7694a68 b7694b6c b76907c9 b772b67f (asid=0x07a4d000)  8
0804a13d b7635e46 08049509 b763ffa9 b76405d7 b76419ad b7646cd7 b7694a68 b7694b6c b76907c9 b772b683 (asid=0x07a4d000)  4
0804a13d b7635e46 08049d2d b764e57f b764e4b6 b768e7eb b772e6a6 (asid=0x07a4d000)  1
0804a13d b7635e46 08049d2d b764e57f b764e4b6 b768e7eb b772e6a9 (asid=0x07a4d000)  1
b7789847 b7789c5d b779d821 b778bda2 b778ade4 (asid=0x07a4d000)  1
b7789847 b7789c5d b779d821 b778bda2 b778adee (asid=0x07a4d000)  1
b7789847 b7789c5d b779d821 b778bda2 b778adf1 (asid=0x07a4d000)  1
b7789847 b7789c5d b779d821 b778bda2 b778adfc (asid=0x07a4d000)  1
b7789847 b7789c5d b779d821 b778bda2 b778adff (asid=0x07a4d000)  1
b7789847 b7789c5d b779d821 b778bda2 b778ae10 (asid=0x07a4d000)  1
b7789847 b7789c5d b779d821 b778bfe6 (asid=0x07a4d000)  1
0804a13d b7635e46 0804957d 0804e9cf 0804e90b 0804dc2c b779c9c0 b7796c16 b7792662 b7792425 b7791e48 (asid=0x07a4d000)  1
b7789847 b7789c5d b779d821 b778bfd0 b7793db6 b7792662 b7791eac (asid=0x07a4d000)  1
b7789847 b7789c5d b779d821 b778bfd0 b7793db6 b7792662 b7791eb2 (asid=0x07a4d000)  3
b7789847 b7789c5d b779d821 b778bfd0 b7793db6 b7792662 b7791edb (asid=0x07a4d000)  3
b7789847 b7789c5d b779d821 b778bfd0 b7793db6 b7792662 b7791ee7 (asid=0x07a4d000)  3
0804a13d b7635e46 08049d2d b764e57f b764e50f 0804a5b8 0804eb7a 0805101b b779c9c0 b7796c16 b7792662 b7791ef3 (asid=0x07a4d000)  1
0804a13d b7635e46 08049d2d b764e57f b764e50f 0804a5b8 0804eb7a 0805101b b779c9c0 b7796c16 b7792662 b7791f8b (asid=0x07a4d000)  2
b7789847 b7789c5d b779d821 b778bfd0 b7793db6 b7792662 b7791f9d (asid=0x07a4d000)  6
b7789847 b7789c5d b779d821 b778bfd0 b7793db6 b7792662 b77923c8 (asid=0x07a4d000)  3
0804a13d b7635e46 080494f5 0804a81b b779c9c0 b7796c16 b7792662 b77923d7 (asid=0x07a4d000)  1
b7789847 b7789c5d b779d821 b778c128 b7793db6 b7792662 b77923f9 (asid=0x07a4d000)  4
b7789847 b7789c5d b779d821 b778bfd0 b7793db6 b7792662 b77923fb (asid=0x07a4d000)  3
b7789847 b7789c5d b779d821 b778bfd0 b7793db6 b7792554 (asid=0x07a4d000)  1
b7789847 b7789c5d b779d821 b778bfd0 b7793db6 b7792566 (asid=0x07a4d000)  1
b7789847 b7789c5d b779d821 b778bfd0 b7793db6 b77925f6 (asid=0x07a4d000)  3
b7789847 b7789c5d b779d821 b778bfd0 b7793db6 b7792657 (asid=0x07a4d000)  3
b7789847 b7789c5d b779d821 b778bfd0 b7793db6 b779265a (asid=0x07a4d000)  1
b7789847 b7789c5d b779d821 b778bfd0 b7793db6 b779266a (asid=0x07a4d000)  3
b7789847 b7789c5d b779d821 b778bfd0 b7793db6 b77926d8 (asid=0x07a4d000)  1
b7789847 b7789c5d b779d821 b778bfd0 b7793afe (asid=0x07a4d000)  2
b7789847 b7789c5d b779d821 b778bfd0 b7793c44 (asid=0x07a4d000)  40
b7789847 b7789c5d b779d821 b778bfd0 b7793c52 (asid=0x07a4d000)  14
b7789847 b7789c5d b779d821 b778bfd0 b7793c96 (asid=0x07a4d000)  2
b7789847 b7789c5d b779d821 b778c128 b7793c96 (asid=0x07a4d000)  1
b7789847 b7789c5d b779d821 b778bfd0 b7793c99 (asid=0x07a4d000)  2
b7789847 b7789c5d b779d821 b778c128 b7793c99 (asid=0x07a4d000)  1
b7789847 b7789c5d b779d821 b778bfd0 b779435b (asid=0x07a4d000)  2
b7789847 b7789c5d b779d821 b778c128 b779435b (asid=0x07a4d000)  1
0804a13d b7635e46 08049d2d b764e57f b764e50f 0804a5b8 0804eb7a 0805101b b779c9c0 b7796be7 (asid=0x07a4d000)  1
0804a13d b7635e46 0804957d 0804e9cf 0804e90b 0804dc2c b779c9c0 b7796c38 (asid=0x07a4d000)  1
b7789847 b7789c5d b779d821 b778bfeb b779970d (asid=0x07a4d000)  1
b7789847 b7789c5d b779d821 b778ba59 b7790cd7 b779cce6 (asid=0x07a4d000)  1
b7789847 b7789c5d b779d78b (asid=0x07a4d000)  1
b7789847 b7789c5d b779d79b (asid=0x07a4d000)  1
b7789847 b7789c5d b779d848 (asid=0x07a4d000)  1
b7789847 b7789c5d b779d850 (asid=0x07a4d000)  1
b7789847 b7789c5d b779d821 b778ba59 b7790cd7 b779cceb b77a005b (asid=0x07a4d000)  1
b7789847 b7789c5d b779d821 b778ba59 b7790cd7 b779cceb b77a005e (asid=0x07a4d000)  1
c10fd2ec c12c1145 c10b164d c12c4679 c101e4bc c1050922 c1050091 c1059b9e c10428c9 c10348a4 c1051bf8 c100fa0b c100f3d4 (asid=0x00000000)  1
c10fd2ec c12c1145 c10b164d c12c4679 c101e4bc c1050922 c1050091 c1059b9e c10428c9 c10348a4 c1051bf8 c100fa0b c100f447 (asid=0x00000000)  1
080eb89c b761e463 c12c835f c10cd41a c10cd38c c11cddfd c11d1dd2 c11d0042 c10498bd c10497ad c12c4679 c101e4bc c1050957 c10597cb c1058aa7 c101e055 c101dfe5 (asid=0x00000000)  102
08065bb8 080d8c2d 080d8785 080ec021 080eb89c b761e463 c12c835f c10cd41a c10cd38c c11cddfd c11d1dd2 c11d0042 c10498bd c10497ad c12c4679 c101e47f c101dfe5 (asid=0x00000000)  102
c104ac1f 0806569c 0807d701 0807ba0f 0808c255 c12c4679 c101e4b1 (asid=0x00000000)  2
c104ac1f 08067b0f 08065e1d c12c4679 c101e4bc c1050957 c10597cb c1058aa7 c101e055 c101dfeb c1020ca9 (asid=0x00000000)  1
b761e463 c12c835f c10cd41a c10cd38c c11cddfd c11d1dd2 c11d0042 c10498bd c10497ad c12c4679 c101e4bc c1050957 c10597cb c1058aa7 c101e055 c101dfeb c1020cab (asid=0x00000000)  204
b7789847 c12c48a7 c12c6a23 c10ae5d2 c10addd2 c10abae3 c10244d4 (asid=0x00000000)  3
b7789847 c12c48a7 c12c6a23 c10ae5d2 c10addd2 c10abae3 c10244db (asid=0x00000000)  3
b7789847 c12c48a7 c12c6a23 c10ae5d2 c10ae2f2 c10ac9b4 c10b7c20 c102851e (asid=0x00000000)  1
b7789847 c12c48a7 c12c6a23 c10ae5d2 c10ae2f2 c10ac9b4 c10b7c20 c1028579 (asid=0x00000000)  1
b7789847 c12c48a7 c12c6a23 c10ae5d2 c10ae2f2 c10ac8a4 c10ab7f7 c1028f07 (asid=0x00000000)  2
c104ac1f 0806569c 0807d701 0807a261 08078e86 08076048 c12c48a7 c12c6a23 c10ae5d2 c10ae2f2 c10ac804 c1028f0a (asid=0x00000000)  2
c104ac1f 0806569c 0807d701 0807a261 08078e86 08076048 c12c48a7 c12c6a23 c10ae5d2 c10ae2f2 c10ac804 c1028f73 (asid=0x00000000)  2
b7789847 c12c48a7 c12c6a23 c10ae5d2 c10ae2f2 c10ac8a4 c10ab7f7 c1028f74 (asid=0x00000000)  2
c10d1916 c1036955 c10b1a3f c10ad1b8 c1028ff8 (asid=0x00000000)  4
c104ac1f 0806569c 0807d701 0807a261 08078e0f 0808bc71 b75f8417 c12c835f c12c8499 c1010df4 c1037d3b c1037605 c1036d2b c10af695 c10acb66 c1028ff9 (asid=0x00000000)  1
c104ac1f 0806569c 0807d701 0807a261 08078e0f 0808bc71 b75f8417 c12c835f c12c8499 c1010df4 c1037d3b c1037605 c1036d2b c10af695 c10acbcd c1028ff9 (asid=0x00000000)  1
c104ac1f 0806569c 0807d701 0807a261 08078e0f 0808bc71 b75f8417 c12c835f c12c8499 c1010df4 c1037d3b c1037605 c1036d2b c10af695 c10acb66 c1028ffa (asid=0x00000000)  1
b7789847 c12c48a7 c12c6a23 c10ae5d2 c10ae2f2 c10ac8a4 c10ab7e7 c1028ffd (asid=0x00000000)  2
b7789847 c12c48a7 c12c6a23 c10ae5d2 c10ae2f2 c10ac8a4 c10ab7e7 c1029037 (asid=0x00000000)  2
c104ac1f 0806569c 0807d701 0807a261 08078e0f 0808bc71 b75f8417 c12c835f c12c8499 c1010df4 c1037d3b c1037605 c1036d2b c10af695 c10acb66 c1029038 (asid=0x00000000)  1
c104ac1f 0806569c 0807d701 0807a261 08078e0f 0808bc71 b75f8417 c12c835f c12c8499 c1010df4 c1037d3b c1037605 c1036d2b c10af695 c10acb66 c1029039 (asid=0x00000000)  1
c104ac1f 0806569c 0807d701 0807a261 08078e0f 0808bc71 b75f8417 c12c835f c12c8499 c1010df4 c1037d3b c1037605 c1036d2b c10af695 c10acbcd c1029039 (asid=0x00000000)  1
c10d1916 c1036955 c10b1a3f c10ad1b8 c102903a (asid=0x00000000)  4
b768d64b b768be35 b768d5ed b76801da b76f0d08 c12c835f c10b2819 c10b2228 c10b13fe c12c4679 c101e4bc c1050922 c1050091 c1059b9e c10428c9 c10348c9 c1029a5c (asid=0x00000000)  1
c103b241 c106da90 c103606c c102e923 c102e46b c102ae63 c1029b2b (asid=0x00000000)  1
c103b241 c106da90 c1035ff5 c102e8dd c102e3d0 c1029b2b (asid=0x00000000)  1
c103b241 c106da90 c103606c c102e923 c102e46b c102ae63 c1029b31 (asid=0x00000000)  1
c103b241 c106da90 c1035ff5 c102e8dd c102e3d0 c1029b31 (asid=0x00000000)  1
c103b241 c106da90 c103606c c102e923 c102e46b c102ae63 c1029b3c (asid=0x00000000)  1
c103b241 c106da90 c1035ff5 c102e8dd c102e3d0 c1029b3c (asid=0x00000000)  1
c103b241 c106da90 c1035ff5 c102e8dd c102e374 c102ae63 c1029b48 (asid=0x00000000)  1
c103b241 c106da90 c103606c c102e923 c102e46b c102ae63 c1029b8e (asid=0x00000000)  1
c103b241 c106da90 c1035ff5 c102e8dd c102e3d0 c1029b8e (asid=0x00000000)  1
c103b241 c106da90 c1035ff5 c102e8dd c102e3d0 c1029ba2 (asid=0x00000000)  1
c103b241 c106da90 c1035ff5 c102e8dd c102e374 c102ae63 c1029baa (asid=0x00000000)  1
c103b241 c106da90 c1035ff5 c102e8dd c102e3d0 c1029baa (asid=0x00000000)  1
c103b241 c106da90 c1035ff5 c102e8dd c102e374 c102ae63 c1029bb3 (asid=0x00000000)  1
c103b241 c106da90 c1035ff5 c102e8dd c102e3d0 c1029bb3 (asid=0x00000000)  1
c103b241 c106da90 c1035ff5 c102e8dd c102e374 c102ae63 c1029bb9 (asid=0x00000000)  1
c103b241 c106da90 c1035ff5 c102e8dd c102e3d0 c1029bb9 (asid=0x00000000)  1
c104ac1f 0806569c 0807d701 0807a261 080783e4 c12c4679 c101e4bc c1050922 c1050091 c1059b9e c10428c9 c10348c9 c1029e49 (asid=0x00000000)  2
c104ac1f 08067b0f 08065e1d c12c4679 c101e4bc c1050922 c1050091 c1059b9e c10428c9 c10348c9 c1029eab (asid=0x00000000)  2
0808bd6c b761e463 c12c835f c10cd41a c10cd38c c10ccbdd c10d33d0 c12c3196 c12c2b55 c10347f9 c12c2898 c102bc0c c102aed2 c102a1b5 (asid=0x00000000)  2
b768be35 b768d5ed b76801da b76f0d08 c12c835f c10b2819 c10b2228 c10b13fe c12c4679 c101e4bc c1050922 c1050091 c1059b9e c10428c9 c1034913 c102e082 c102ae12 (asid=0x00000000)  1
b768be35 b768d5ed b76801da b76f0d08 c12c835f c10b2819 c10b2228 c10b13fe c12c4679 c101e4bc c1050922 c1050091 c1059b9e c10428c9 c1034913 c102e082 c102ae1e (asid=0x00000000)  1
b7646a7d b764689f b764db7e b764da81 b764d4fa b764d4ed b764d4ed b764d4ed c12c4679 c101e4bc c1050922 c1050091 c1059b9e c10428c9 c1034913 c102e082 c102ae2d (asid=0x00000000)  1
b768be35 b768d5ed b76801da b76f0d08 c12c835f c10b2819 c10b2228 c10b13fe c12c4679 c101e4bc c1050922 c1050091 c1059b9e c10428c9 c1034913 c102e082 c102ae3a (asid=0x00000000)  2
c103b241 c106da90 c1035ff5 c102e8dd c102e374 c102ae56 (asid=0x00000000)  1
c103b241 c106da90 c103606c c102e923 c102e46b c102ae56 (asid=0x00000000)  1
c104ac1f 0806569c 0807d701 0807a261 080783e4 c12c4679 c101e4bc c1050922 c1050091 c1059b9e c10428c9 c1034913 c102e082 c102ae63 (asid=0x00000000)  2
b768be35 b768d5ed b76801da b76f0d08 c12c835f c10b2819 c10b2228 c10b13fe c12c4679 c101e4bc c1050922 c1050091 c1059b9e c10428c9 c1034913 c102e082 c102ae6f (asid=0x00000000)  1
b768be35 b768d5ed b76801da b76f0d08 c12c835f c10b2819 c10b2228 c10b13fe c12c4679 c101e4bc c1050922 c1050091 c1059b9e c10428c9 c1034913 c102e082 c102ae7a (asid=0x00000000)  1
c103b241 c106da90 c1035ff5 c102e8dd c102e374 c102ae8e (asid=0x00000000)  1
c103b241 c106da90 c1035ff5 c102e8dd c102e374 c102ae95 (asid=0x00000000)  1
c103b241 c106da90 c1035ff5 c102e8dd c102e3bd (asid=0x00000000)  1
c103b241 c106da90 c1035ff5 c102e8dd c102e3c3 (asid=0x00000000)  1
c103b241 c106da90 c103606c c102e923 c102e458 (asid=0x00000000)  1
c103b241 c106da90 c103606c c102e923 c102e45e (asid=0x00000000)  1
b764069f b7646a7d b764689f b764db7e b764da81 b764d4fa b764d4ed b764d4ed b764d4ed c12c4679 c101e4bc c1050922 c1050091 c1059b9e c10428c9 c10348b2 c102e81e (asid=0x00000000)  1
b768d64b b768be35 b768d5ed b76801da b76f0d08 c12c835f c10b2819 c10b2228 c10b13fe c12c4679 c101e4bc c1050922 c1050091 c1059b9e c10428c9 c10348b2 c102e82a (asid=0x00000000)  1
b764069f b7646a7d b764689f b764db7e b764da81 b764d4fa b764d4ed b764d4ed b764d4ed c12c4679 c101e4bc c1050922 c1050091 c1059b9e c10428c9 c10348b2 c102e83a (asid=0x00000000)  2
c104ac1f 0806569c 0807d701 0807a261 08078e0f 0808be06 b75f9396 c12c835f c1047505 c12c4679 c101e4bc c1050922 c1050091 c1059b78 c1059a33 c1032798 (asid=0x00000000)  1
c104ac1f 0806569c 0807d701 0807a261 08078e0f 0808be06 b75f9396 c12c835f c1047505 c12c4679 c101e4bc c1050922 c1050091 c1059b78 c1059a33 c10328f2 (asid=0x00000000)  1
c10fd2ec c12c1145 c10b164d c12c4679 c101e4bc c1050922 c1050091 c1059b9e c104289c c1032d80 c1032bfa (asid=0x00000000)  2
c104ac1f 0806569c 0807d701 0807a261 08078e0f 0808bc71 b75f8417 c12c835f c12c8499 c1010df4 c1037d3b c1037605 c1036c32 (asid=0x00000000)  1
c104ac1f 0806569c 0807d701 0807a261 08078e0f 0808bc71 b75f8417 c12c835f c12c8499 c1010df4 c1037d3b c1037605 c1036c6e (asid=0x00000000)  10
c104ac1f 0806569c 0807d701 0807a261 08078e0f 0808bc71 b75f8417 c12c835f c12c8499 c1010df4 c1037d3b c1037605 c1036cb5 (asid=0x00000000)  1
c103b1e6 (asid=0x00000000)  1
0804a13d b7635e46 08049509 b763ffa9 b7640892 b7640ef8 b76f0d08 c12c835f c10b2819 c10b22f4 c8950ab0 c10dc9a5 c103c30f (asid=0x00000000)  1
0804a13d b7635e46 08049509 b763ffa9 b7640892 b7640ef8 b76f0d08 c12c835f c10b2819 c10b22f4 c8950ab0 c10dc9a5 c103c322 (asid=0x00000000)  1
c104ac1f 0806569c 0807d701 0807a261 08078e0f 0808be06 b75f9396 c12c835f c1047505 c12c4679 c101e4bc c1050922 c1050091 c1059b9e c1042883 (asid=0x00000000)  1
c104ac1f 0806569c 0807d701 0807a261 08078e0f 0808be06 b75f9396 c12c835f c1047505 c12c4679 c101e4bc c1050922 c1050091 c1059b9e c10428cc (asid=0x00000000)  1
c104ac1f 080d87ea 080d808e 080e847d 080e991f b7582bab c12c835f c104587d c1045806 c1042c6b (asid=0x00000000)  1
0804a13d b7635e46 08049509 b763ffa9 b7640892 b7640f33 c12c48a7 c12c6a23 c10ae5d2 c10addd2 c10abb72 c104d7e9 (asid=0x00000000)  39
c104ac1f 08065777 0806552d 0806546d 0806ddc2 0806aa0b 080679ce 08065bb8 080d8c12 080dd12d c12c48a7 c12c6a23 c10ae5d2 c10ae2f2 c10ac5e1 c104d7e9 (asid=0x00000000)  2
c104ac1f 0806569c 0807d701 0807a261 08078e86 08076048 c12c48a7 c12c6a23 c10ae5d2 c10ae2f2 c10ac5ed c104d7e9 (asid=0x00000000)  2
c104ac1f 0806569c 0807d701 0807a261 08078e0f 0808be06 b75f9396 c12c835f c1047505 c12c4679 c101e4bc c1050922 c1050091 c1059b9e c104f5fe (asid=0x00000000)  1
c104ac1f 0806569c 0807d701 0807a261 08078e0f 0808be06 b75f9396 c12c835f c1047505 c12c4679 c101e4bc c1050922 c1050091 c1059b9e c104fb0a (asid=0x00000000)  1
c104ac1f 0806569c 0807d701 0807a261 08078e0f 0808be06 b75f9396 c12c835f c1047505 c12c4679 c101e4bc c1050922 c1050091 c1059bbf c10502d2 (asid=0x00000000)  1
c104ac1f 0806569c 0807d701 0807a261 08078e0f 0808be06 b75f9396 c12c835f c1047505 c12c4679 c101e4bc c1050922 c1050091 c1059bbf c10502df (asid=0x00000000)  1
c104ac1f 0806569c 0807d701 0807a261 08078e0f 0808be06 b75f9396 c12c835f c1047505 c12c4679 c101e4bc c1050922 c1050091 c1059bbf c1050300 (asid=0x00000000)  1
c104ac1f 0806569c 0807d701 0807a261 08078e0f 0808be06 b75f9396 c12c835f c1047505 c12c4679 c101e4bc c1050922 c1050091 c1059bbf c10503fa (asid=0x00000000)  1
c104ac1f 0806569c 0807d701 0807a261 08078e0f 0808bbfe 08088c84 b761ed22 c12c835f c10d3ad2 c10d3a8e c10d39db c10d3852 c10d36b8 c12c4679 c101e4bc c105087e (asid=0x00000000)  2
c104ac1f 0806569c 0807d701 0807a261 08078e0f 0808bbfe 08088c84 b761ed22 c12c835f c10d3ad2 c10d3a8e c10d39db c10d3852 c10d36b8 c12c4679 c101e4bc c1050886 (asid=0x00000000)  2
c104ac1f 0806569c 0807d701 0807a261 08078e0f 0808bbfe 08088c84 b761ed22 c12c835f c10d3ad2 c10d3a8e c10d39db c10d3852 c10d36b8 c12c4679 c101e4bc c10508c7 (asid=0x00000000)  2
c104ac1f 0806569c 0807d701 0807a261 08078e0f 0808bbfe 08088c84 b761ed22 c12c835f c10d3ad2 c10d3a8e c10d39db c10d3852 c10d36b8 c12c4679 c101e4bc c10508d1 (asid=0x00000000)  2
c104ac1f 0806569c 0807d701 0807a261 08078e0f 0808bbfe 08088c84 b761ed22 c12c835f c10d3ad2 c10d3a8e c10d39db c10d3852 c10d36b8 c12c4679 c101e4bc c10508db (asid=0x00000000)  3
c104ac1f 0806569c 0807d701 0807a261 08078e0f 0808bbfe 08088c84 b761ed22 c12c835f c10d3ad2 c10d3a8e c10d39db c10d3852 c10d36b8 c12c4679 c101e4bc c10508df (asid=0x00000000)  3
c104ac1f 0806569c 0807d701 0807a261 08078e0f 0808bbfe 08088c84 b761ed22 c12c835f c10d3ad2 c10d3a8e c10d39db c10d3852 c10d36b8 c12c4679 c101e4bc c10508ed (asid=0x00000000)  3
b764069f b7646a7d b764689f b764db7e b764da81 b764d4fa b764d4ed b764d4ed b764d4ed c12c4679 c101e4bc c1050922 c1050091 c1059b9e c10428c9 c10348a4 c105186c (asid=0x00000000)  1
b768be35 b768d5ed b76801da b76f0d08 c12c835f c10b2819 c10b2228 c10b13fe c12c4679 c101e4bc c1050922 c1050091 c1059b9e c10428c9 c10348b2 c102e81e c1051874 (asid=0x00000000)  2
b768d64b b768be35 b768d5ed b76801da b76f0d08 c12c835f c10b2819 c10b2228 c10b13fe c12c4679 c101e4bc c1050922 c1050091 c1059b9e c10428c9 c10348a4 c1051874 (asid=0x00000000)  2
b764069f b7646a7d b764689f b764db7e b764da81 b764d4fa b764d4ed b764d4ed b764d4ed c12c4679 c101e4bc c1050922 c1050091 c1059b9e c10428c9 c10348a4 c1051879 (asid=0x00000000)  1
c10fd2ec c12c1145 c10b164d c12c4679 c101e4bc c1050922 c1050091 c1059b9e c10428c9 c10348b2 c102e81e c105187c (asid=0x00000000)  1
c10fd2ec c12c1145 c10b164d c12c4679 c101e4bc c1050922 c1050091 c1059b9e c10428c9 c10348a4 c105187c (asid=0x00000000)  1
c10fd2ec c12c1145 c10b164d c12c4679 c101e4bc c1050922 c1050091 c1059b9e c10428c9 c10348b2 c102e81e c1051889 (asid=0x00000000)  1
c10fd2ec c12c1145 c10b164d c12c4679 c101e4bc c1050922 c1050091 c1059b9e c10428c9 c10348a4 c1051889 (asid=0x00000000)  1
c10fd2ec c12c1145 c10b164d c12c4679 c101e4bc c1050922 c1050091 c1059b9e c10428c9 c10348b2 c102e81e c10518b6 (asid=0x00000000)  1
c10fd2ec c12c1145 c10b164d c12c4679 c101e4bc c1050922 c1050091 c1059b9e c10428c9 c10348a4 c10518b6 (asid=0x00000000)  1
b768be35 b768d5ed b76801da b76f0d08 c12c835f c10b2819 c10b2228 c10b13fe c12c4679 c101e4bc c1050922 c1050091 c1059b9e c10428c9 c10348b2 c102e81e c10518bc (asid=0x00000000)  1
c10fd2ec c12c1145 c10b164d c12c4679 c101e4bc c1050922 c1050091 c1059b9e c10428c9 c10348b2 c102e81e c10518bf (asid=0x00000000)  1
c10fd2ec c12c1145 c10b164d c12c4679 c101e4bc c1050922 c1050091 c1059b9e c10428c9 c10348a4 c10518bf (asid=0x00000000)  1
b764069f b7646a7d b764689f b764db7e b764da81 b764d4fa b764d4ed b764d4ed b764d4ed c12c4679 c101e4bc c1050922 c1050091 c1059b9e c10428c9 c10348a4 c10518c8 (asid=0x00000000)  1
c10fd2ec c12c1145 c10b164d c12c4679 c101e4bc c1050922 c1050091 c1059b9e c10428c9 c10348a4 c10518da (asid=0x00000000)  1
c10fd2ec c12c1145 c10b164d c12c4679 c101e4bc c1050922 c1050091 c1059b9e c10428c9 c10348a4 c10518e0 (asid=0x00000000)  1
c10fd2ec c12c1145 c10b164d c12c4679 c101e4bc c1050922 c1050091 c1059b9e c10428c9 c10348b2 c102e81e c10518f4 (asid=0x00000000)  1
c10fd2ec c12c1145 c10b164d c12c4679 c101e4bc c1050922 c1050091 c1059b9e c10428c9 c10348a4 c10518f4 (asid=0x00000000)  1
b764069f b7646a7d b764689f b764db7e b764da81 b764d4fa b764d4ed b764d4ed b764d4ed c12c4679 c101e4bc c1050922 c1050091 c1059b9e c10428c9 c10348a4 c10518fa (asid=0x00000000)  1
b768be35 b768d5ed b76801da b76f0d08 c12c835f c10b2819 c10b2228 c10b13fe c12c4679 c101e4bc c1050922 c1050091 c1059b9e c10428c9 c10348b2 c102e81e c105191e (asid=0x00000000)  1
c10fd2ec c12c1145 c10b164d c12c4679 c101e4bc c1050922 c1050091 c1059b9e c10428c9 c10348a4 c1051924 (asid=0x00000000)  1
b768be35 b768d5ed b76801da b76f0d08 c12c835f c10b2819 c10b2228 c10b13fe c12c4679 c101e4bc c1050922 c1050091 c1059b9e c10428c9 c10348b2 c102e81e c1051945 (asid=0x00000000)  1
b768be35 b768d5ed b76801da b76f0d08 c12c835f c10b2819 c10b2228 c10b13fe c12c4679 c101e4bc c1050922 c1050091 c1059b9e c10428c9 c10348b2 c102e81e c1051959 (asid=0x00000000)  1
b764069f b7646a7d b764689f b764db7e b764da81 b764d4fa b764d4ed b764d4ed b764d4ed c12c4679 c101e4bc c1050922 c1050091 c1059b9e c10428c9 c10348a4 c105195f (asid=0x00000000)  1
b768be35 b768d5ed b76801da b76f0d08 c12c835f c10b2819 c10b2228 c10b13fe c12c4679 c101e4bc c1050922 c1050091 c1059b9e c10428c9 c10348b2 c102e81e c1051965 (asid=0x00000000)  1
b764069f b7646a7d b764689f b764db7e b764da81 b764d4fa b764d4ed b764d4ed b764d4ed c12c4679 c101e4bc c1050922 c1050091 c1059b9e c10428c9 c10348a4 c105197e (asid=0x00000000)  1
b764069f b7646a7d b764689f b764db7e b764da81 b764d4fa b764d4ed b764d4ed b764d4ed c12c4679 c101e4bc c1050922 c1050091 c1059b9e c10428c9 c10348a4 c105198a (asid=0x00000000)  1
b768be35 b768d5ed b76801da b76f0d08 c12c835f c10b2819 c10b2228 c10b13fe c12c4679 c101e4bc c1050922 c1050091 c1059b9e c10428c9 c10348b2 c102e81e c1051993 (asid=0x00000000)  1
c10fd2ec c12c1145 c10b164d c12c4679 c101e4bc c1050922 c1050091 c1059b9e c10428c9 c10348a4 c1051bf8 (asid=0x00000000)  1
b768d64b b768be35 b768d5ed b76801da b76f0d08 c12c835f c10b2819 c10b2228 c10b13fe c12c4679 c101e4bc c1050922 c1050091 c1059b9e c10428c9 c10348a4 c1051bfe (asid=0x00000000)  2
c104ac1f 0806569c 0807d701 0807a261 08078e0f 0808be06 b75f9396 c12c835f c1047505 c12c4679 c101e4bc c1050922 c1050091 c1059ba8 c1053635 (asid=0x00000000)  1
c104ac1f 0806569c 0807d701 0807a261 08078e0f 0808be06 b75f9396 c12c835f c1047505 c12c4679 c101e4bc c1050922 c1050091 c1059ba8 c1053691 (asid=0x00000000)  1
b7789847 b7789c5d b779d821 c12c4679 c101e4bc c1050922 c1050091 c1059b4f c105407e c1053bde (asid=0x00000000)  1
b7789847 b7789c5d b779d821 c12c4679 c101e4bc c105087e c1054e4c c1053bde (asid=0x00000000)  1
b7789847 b7789c5d b779d821 c12c4679 c101e4bc c1050922 c1050091 c1059b4f c105407e c1053bf4 (asid=0x00000000)  1
b7789847 b7789c5d b779d821 c12c4679 c101e4bc c105087e c1054e4c c1053bf4 (asid=0x00000000)  1
c104ac1f 0806569c 0807d701 0807a261 08078e0f 0808be06 b75f9396 c12c835f c1047505 c12c4679 c101e4bc c1050922 c1050091 c1059b78 c1059a33 c1054667 (asid=0x00000000)  1
0807d701 0807a261 08078e0f 0808bc71 b75f8417 c12c835f c12c8499 c1010df4 c1037d3b c10372aa c12c4679 c101e4bc c1050922 c1050091 c1059b78 c1059a33 c10547ad (asid=0x00000000)  1
0807d701 0807a261 08078e0f 0808bc71 b75f8417 c12c835f c12c8499 c1010df4 c1037d3b c10372aa c12c4679 c101e4bc c1050922 c1050091 c1059b78 c1059a33 c10547f5 (asid=0x00000000)  1
0808bc71 b75f8417 c12c835f c12c8499 c1010df4 c1037d3b c1037605 c1036d2b c10af695 c10acdb1 c12c4679 c101e4bc c1050922 c1050091 c1059b78 c1059a33 c105480e (asid=0x00000000)  1
0807d701 0807a261 08078e0f 0808bc71 b75f8417 c12c835f c12c8499 c1010df4 c1037d3b c10372aa c12c4679 c101e4bc c1050922 c1050091 c1059b78 c1059a33 c1054827 (asid=0x00000000)  1
0807d701 0807a261 08078e0f 0808bc71 b75f8417 c12c835f c12c8499 c1010df4 c1037d3b c10372aa c12c4679 c101e4bc c1050922 c1050091 c1059b78 c1059a33 c1054839 (asid=0x00000000)  1
0807d701 0807a261 08078e0f 0808bc71 b75f8417 c12c835f c12c8499 c1010df4 c1037d3b c10372aa c12c4679 c101e4bc c1050922 c1050091 c1059b78 c1059a33 c1054884 (asid=0x00000000)  1
0807d701 0807a261 08078e0f 0808bc71 b75f8417 c12c835f c12c8499 c1010df4 c1037d3b c10372aa c12c4679 c101e4bc c1050922 c1050091 c1059b78 c1059a33 c1054896 (asid=0x00000000)  1
080793a3 08077cc7 b75f86af c12c835f c12c842e c1010e25 c10d1e57 c10d0b36 c10d6d92 c10d6ae5 c12c4679 c101e4bc c1050922 c1050091 c1059b78 c1059a33 c10548bc (asid=0x00000000)  1
0807d701 0807a261 08078e0f 0808bc71 b75f8417 c12c835f c12c8499 c1010df4 c1037d3b c10372aa c12c4679 c101e4bc c1050922 c1050091 c1059b78 c1059a33 c10548c2 (asid=0x00000000)  1
b7789847 b7789c5d b779d821 b778bd7d b7796d4a b778d69e b7798a55 c12c4679 c101e4bc c1050922 c1050091 c1059b78 c1059a33 c10548ea (asid=0x00000000)  1
b7789847 b7789c5d b779d821 b778bd7d b7796d4a b778d69e b7798a55 c12c4679 c101e4bc c1050922 c1050091 c1059b78 c1059a33 c1054965 (asid=0x00000000)  1
b7789847 b7789c5d b779d821 b778bd7d b7796d4a b778d69e b7798a55 c12c4679 c101e4bc c1050922 c1050091 c1059b78 c1059a33 c1054975 (asid=0x00000000)  1
c104ac1f 08067b0f 08065e1d c12c4679 c101e4bc c1050922 c1050091 c1059b78 c1059a33 c1054ad9 (asid=0x00000000)  1
c104ac1f 08067b0f 08065e1d c12c4679 c101e4bc c1050922 c1050091 c1059b78 c1059a33 c1054b64 (asid=0x00000000)  1
080793a3 08077cc7 b75f86af c12c835f c12c842e c1010e25 c10d1f33 c10d136c c10fcda2 c10d196a c12c4679 c101e4bc c1050922 c1050091 c1059b78 c1059a33 c1054ba3 (asid=0x00000000)  1
080793a3 08077cc7 b75f86af c12c835f c12c842e c1010e25 c10d1f33 c10d136c c10fcda2 c10d196a c12c4679 c101e4bc c1050922 c1050091 c1059b78 c1059a33 c1054bf8 (asid=0x00000000)  1
080793a3 08077cc7 b75f86af c12c835f c12c842e c1010e25 c10d1f33 c10d136c c10fcda2 c10d196a c12c4679 c101e4bc c1050922 c1050091 c1059b78 c1059a33 c1054c0c (asid=0x00000000)  1
080793a3 08077cc7 b75f86af c12c835f c12c842e c1010e25 c10d1f33 c10d136c c10fcda2 c10d196a c12c4679 c101e4bc c1050922 c1050091 c1059b78 c1059a33 c1054c64 (asid=0x00000000)  1
0807d701 0807a261 08078e0f 0808bc71 b75f8417 c12c835f c12c8499 c1010df4 c1037d3b c10372aa c12c4679 c101e4bc c1050922 c1050091 c1059b78 c1059a33 c1054c7e (asid=0x00000000)  1
b7789847 b7789c5d b779d821 b778bd7d b7796d4a b778d69e b7798a55 c12c4679 c101e4bc c1050922 c1050091 c1059b78 c1059a33 c1054ca4 (asid=0x00000000)  1
08078e0f 0808bbfe 08088c84 b761ed22 c12c835f c10d3ad2 c10d3a8e c10d39db c10d3852 c10d36b8 c12c4679 c101e4bc c1050922 c1050091 c1059b78 c1059a33 c1054caa (asid=0x00000000)  1
c104ac1f 0806569c 0807d701 0807ba9a 0808abab 08087245 c12c4679 c101e4bc c1050922 c1050091 c1059b78 c1059a33 c1054d64 (asid=0x00000000)  1
08078e0f 0808bbfe 08088c84 b761ed22 c12c835f c10d3ad2 c10d3a8e c10d39db c10d3852 c10d36b8 c12c4679 c101e4bc c1050922 c1050091 c1059b78 c1059a33 c1054d6a (asid=0x00000000)  2
c104ac1f 0806569c 0807d701 0807a261 08078e0f 0808be06 b75f9396 c12c835f c1047505 c12c4679 c101e4bc c1050922 c1050091 c1059b78 c1059a33 c1054dbe (asid=0x00000000)  1
c104ac1f 0806569c 0807d701 0807a261 08078e0f 0808be06 b75f9396 c12c835f c1047505 c12c4679 c101e4bc c1050922 c1050091 c1059b78 c105994f (asid=0x00000000)  1
b76bf674 c12c835f c103b830 c103b7fc c103b1df c103afe6 c1036955 c10b1a1b c109e2e4 c109dfc5 c12c3ae6 c12c4679 c101e4bc c1050922 c1050091 c1059b78 c1059986 (asid=0x00000000)  1
b76bf674 c12c835f c103b830 c103b7fc c103b1df c103afe6 c1036955 c10b1a1b c109e2e4 c109dfc5 c12c3ae6 c12c4679 c101e4bc c1050922 c1050091 c1059b78 c1059a55 (asid=0x00000000)  1
c104ac1f 0806569c 0807d701 0807a261 08078e0f 0808be06 b75f9396 c12c835f c1047505 c12c4679 c101e4bc c1050922 c1050091 c1059b78 c1059a65 (asid=0x00000000)  1
c104ac1f 080d87ea 080d808e 080e847d 080e991f b7582bab c12c835f c104587d c1045806 c1045773 c105daed (asid=0x00000000)  1
b75c4ae6 b75c47cf b75c4b44 b761e4e3 c12c835f c10cd47b c10cd2bb c11ce2d0 c11d08ca c11e1d1f c12c3ae6 c12c88f0 c100c806 c100cb11 c1079982 c1077c94 c105daed (asid=0x00000000)  1
b75c54ca b75c4ae6 b75c47cf b75c4b44 b761e4e3 c12c835f c10cd47b c10cd2bb c11ce2d0 c11d08ca c11e1d1f c12c3ae6 c12c88f0 c100c806 c100cb11 c107990e c105daed (asid=0x00000000)  3
c104ac1f 080d8c2d 080d8785 080ec021 080eb89c b761e463 c12c835f c10cd41a c10cd38c c11cddfd c11d1fc3 c11d01fb c11d53c2 c105daed (asid=0x00000000)  3
c10b1a70 c10b0a71 c10cdf80 c105f218 (asid=0x00000000)  1
c10b1a70 c10b0a71 c10cdf80 c105f265 (asid=0x00000000)  1
0804a13d b7635e46 08049d2d b764e57f b764e4c8 b76bf674 c12c835f c103b830 c103b7fc c103b1ab c1068891 (asid=0x00000000)  1
c103b1eb c10689d8 (asid=0x00000000)  1
b75c54ca b75c4ae6 b75c47cf b75c4b44 b761e4e3 c12c835f c10cd47b c10cd2bb c11ce2d0 c11d08ca c11e1d1f c12c3ae6 c12c88f0 c100c806 c100cb11 c1079982 c1077c83 (asid=0x00000000)  1
b75b97b0 b75c54ca b75c4ae6 b75c47cf b75c4b44 b761e4e3 c12c835f c10cd47b c10cd2bb c11ce2d0 c11d08ca c11e1d1f c12c3ae6 c12c88f0 c100c806 c100cb11 c107998e (asid=0x00000000)  1
c10b1a70 c10b0a71 c10cdfb1 c107b5d4 (asid=0x00000000)  1
c10b1a70 c10b0a71 c10cdfb1 c107b5d5 (asid=0x00000000)  1
c10b1a70 c10b0a71 c10cdfb1 c107b6ae (asid=0x00000000)  1
c10b1a70 c10b0a71 c10cdfb1 c107b6af (asid=0x00000000)  1
c104ac1f 08065800 080a0e9a b7582a67 c12c835f c12c4679 c101e4bc c1050922 c1050091 c1059b9e c104289c c1032d80 c107e462 (asid=0x00000000)  2
c104ac1f 08065777 0806552d 0806546d 08070434 08067699 08066ac7 c12c4679 c101e4bc c1050922 c1050091 c1059b9e c104289c c107e462 (asid=0x00000000)  4
0804a13d b7635e46 08049509 b763ffa9 b7640892 b7640f33 c12c48a7 c12c6a23 c10ae5d2 c10addd2 c10ab8b1 c1097cfe (asid=0x00000000)  1
0804a13d b7635e46 08049509 b763ffa9 b7640892 b7640f33 c12c48a7 c12c6a23 c10ae5d2 c10addd2 c10ab8b1 c1097d00 (asid=0x00000000)  1
0804a13d b7635e46 08049509 b763ffa9 b7640892 b7640f33 c12c48a7 c12c6a23 c10ae5d2 c10addd2 c10ab8b1 c1097e91 (asid=0x00000000)  1
080793a3 08077cc7 b75f86af c12c835f c12c842e c1010e25 c10d1ee4 c10d11c6 c10d110b c10d0fb2 c10ae8e7 c10ae5d2 c10adc2f c109b580 c109b22a c109a38e c10991c0 (asid=0x00000000)  1
080793a3 08077cc7 b75f86af c12c835f c12c842e c1010e25 c10d1ee4 c10d11c6 c10d110b c10d0fb2 c10ae8e7 c10ae5d2 c10adc2f c109b580 c109b22a c109a38e c10991c8 (asid=0x00000000)  1
080793a3 08077cc7 b75f86af c12c835f c12c842e c1010e25 c10d1ee4 c10d11c6 c10d110b c10d0fb2 c10ae8e7 c10ae5d2 c10adc2f c109b580 c109b22a c109a3b4 c109954c (asid=0x00000000)  1
080793a3 08077cc7 b75f86af c12c835f c12c842e c1010e25 c10d1ee4 c10d11c6 c10d110b c10d0fb2 c10ae8e7 c10ae5d2 c10adc2f c109b580 c109b22a c109a3b4 c1099559 (asid=0x00000000)  1
080793a3 08077cc7 b75f86af c12c835f c12c842e c1010e25 c10d1ee4 c10d11c6 c10d110b c10d0fb2 c10ae8e7 c10ae5d2 c10adc2f c109b580 c109b22a c109a3b4 c10995ae (asid=0x00000000)  1
080793a3 08077cc7 b75f86af c12c835f c12c842e c1010e25 c10d1ee4 c10d11c6 c10d110b c10d0fb2 c10ae8e7 c10ae5d2 c10adc2f c109b580 c109b22a c109a376 (asid=0x00000000)  1
080793a3 08077cc7 b75f86af c12c835f c12c842e c1010e25 c10d1ee4 c10d11c6 c10d110b c10d0fb2 c10ae8e7 c10ae5d2 c10adc2f c109b580 c109b22a c109a37d (asid=0x00000000)  1
080793a3 08077cc7 b75f86af c12c835f c12c842e c1010e25 c10d1ee4 c10d11c6 c10d110b c10d0fb2 c10ae8e7 c10ae5d2 c10adc2f c109b580 c109b22a c109a386 (asid=0x00000000)  1
080793a3 08077cc7 b75f86af c12c835f c12c842e c1010e25 c10d1ee4 c10d11c6 c10d110b c10d0fb2 c10ae8e7 c10ae5d2 c10adc2f c109b580 c109b22a c109a390 (asid=0x00000000)  1
b764e57f b764e4c8 b76bf674 c12c835f c103b830 c103b7fc c103b1df c103afe6 c1036955 c10b1a59 c10ac283 c10ac1ef c102755c c10abed8 c109af91 c109ab82 c109a93b (asid=0x00000000)  1
b764e57f b764e4c8 b76bf674 c12c835f c103b830 c103b7fc c103b1df c103afe6 c1036955 c10b1a59 c10ac283 c10ac1ef c102755c c10abed8 c109af91 c109ab82 c109aad3 (asid=0x00000000)  1
b764e57f b764e4c8 b76bf674 c12c835f c103b830 c103b7fc c103b1df c103afe6 c1036955 c10b1a59 c10ac283 c10ac1ef c102755c c10abed8 c109af91 c109ab82 c109aadc (asid=0x00000000)  1
b764e57f b764e4c8 b76bf674 c12c835f c103b830 c103b7fc c103b1df c103afe6 c1036955 c10b1a59 c10ac283 c10ac1ef c102755c c10abed8 c109af91 c109ab82 c109aadf (asid=0x00000000)  1
b764e57f b764e4c8 b76bf674 c12c835f c103b830 c103b7fc c103b1df c103afe6 c1036955 c10b1a59 c10ac283 c10ac1ef c102755c c10abed8 c109af91 c109ab82 c109aae5 (asid=0x00000000)  1
b764e57f b764e4c8 b76bf674 c12c835f c103b830 c103b7fc c103b1df c103afe6 c1036955 c10b1a59 c10ac283 c10ac1ef c102755c c10abed8 c109af91 c109ab82 c109aaf2 (asid=0x00000000)  1
08049d2d b764e57f b764e4c8 b76bf674 c12c835f c103b830 c103b7fc c103b1df c103afe6 c1036955 c10b1a59 c10ac283 c10ac1ef c102755c c10abed8 c109af91 c109ab61 (asid=0x00000000)  1
08049d2d b764e57f b764e4c8 b76bf674 c12c835f c103b830 c103b7fc c103b1df c103afe6 c1036955 c10b1a59 c10ac283 c10ac1ef c102755c c10abed8 c109af91 c109ab67 (asid=0x00000000)  1
08049d2d b764e57f b764e4c8 b76bf674 c12c835f c103b830 c103b7fc c103b1df c103afe6 c1036955 c10b1a59 c10ac283 c10ac1ef c102755c c10abed8 c109af91 c109ab79 (asid=0x00000000)  1
080793a3 08077cc7 b75f86af c12c835f c12c842e c1010e25 c10d1ee4 c10d11c6 c10d110b c10d0fb2 c10ae8e7 c10ae5d2 c10adc2f c109b580 c109b23a (asid=0x00000000)  1
080793a3 08077cc7 b75f86af c12c835f c12c842e c1010e25 c10d1ee4 c10d11c6 c10d110b c10d0fb2 c10ae8e7 c10ae5d2 c10adc2f c109b580 c109b243 (asid=0x00000000)  1
c10d1916 c1036955 c10b1a3f c10ad36e c10abed8 c109dd59 c109dd25 c109da52 (asid=0x00000000)  1
c10d1916 c1036955 c10b1a3f c10ad36e c10abed8 c109dd59 c109dd25 c109da5b (asid=0x00000000)  1
080793a3 08077cc7 b75f86af c12c835f c12c842e c1010e25 c10d1ee4 c10d11c6 c10d110b c10d0fb2 c10ae8e7 c10ae5d2 c10adc2f c109b580 c109b279 c10a7cda (asid=0x00000000)  1
080793a3 08077cc7 b75f86af c12c835f c12c842e c1010e25 c10d1ee4 c10d11c6 c10d110b c10d0fb2 c10ae8e7 c10ae5d2 c10adc2f c109b580 c109b279 c10a7d11 (asid=0x00000000)  1
c10d1916 c1036955 c10b1a3f c10ad1b8 c10aaa2a (asid=0x00000000)  4
c104ac1f 0806569c 0807d701 0807a261 08078e0f 0808bc71 b75f8417 c12c835f c12c8499 c1010df4 c1037d3b c1037605 c1036d2b c10af695 c10acb66 c10aaa2d (asid=0x00000000)  1
c104ac1f 0806569c 0807d701 0807a261 08078e0f 0808bc71 b75f8417 c12c835f c12c8499 c1010df4 c1037d3b c1037605 c1036d2b c10af695 c10acbcd c10aaa2d (asid=0x00000000)  1
c104ac1f 0806569c 0807d701 0807a261 08078e0f 0808bc71 b75f8417 c12c835f c12c8499 c1010df4 c1037d3b c1037605 c1036d2b c10af695 c10acb66 c10aaa2e (asid=0x00000000)  1
b7789847 c12c48a7 c12c6a23 c10ae5d2 c10ae2f2 c10ac8a4 c10ab7e7 c10aaa2f (asid=0x00000000)  2
c104ac1f 0806569c 0807d701 0807a261 08078e0f 0808bc71 b75f8417 c12c835f c12c8499 c1010df4 c1037d3b c1037605 c1036d2b c10af695 c10acb66 c10aaa30 (asid=0x00000000)  1
c104ac1f 0806569c 0807d701 0807a261 08078e0f 0808bc71 b75f8417 c12c835f c12c8499 c1010df4 c1037d3b c1037605 c1036d2b c10af695 c10acb66 c10aaab7 (asid=0x00000000)  1
b7789847 c12c48a7 c12c6a23 c10ae5d2 c10ae2f2 c10ac8a4 c10ab7e7 c10aaab8 (asid=0x00000000)  2
c104ac1f 0806569c 0807d701 0807a261 08078e0f 0808bc71 b75f8417 c12c835f c12c8499 c1010df4 c1037d3b c1037605 c1036d2b c10af695 c10acb66 c10aaab9 (asid=0x00000000)  1
c104ac1f 0806569c 0807d701 0807a261 08078e0f 0808bc71 b75f8417 c12c835f c12c8499 c1010df4 c1037d3b c1037605 c1036d2b c10af695 c10acb66 c10aaaba (asid=0x00000000)  1
c104ac1f 0806569c 0807d701 0807a261 08078e0f 0808bc71 b75f8417 c12c835f c12c8499 c1010df4 c1037d3b c1037605 c1036d2b c10af695 c10acbcd c10aaaba (asid=0x00000000)  1
c10d1916 c1036955 c10b1a3f c10ad1b8 c10aaabb (asid=0x00000000)  4
c10d1916 c1036955 c10b1a3f c10ad210 c10ac427 c10ab4c2 c10ab46e (asid=0x00000000)  6
c10d1916 c1036955 c10b1a3f c10ad210 c10ac427 c10ab4c2 c10ab479 (asid=0x00000000)  6
c10d1916 c1036955 c10b1a3f c10ad4f5 c10ab550 c10ab47b (asid=0x00000000)  4
c10d1916 c1036955 c10b1a3f c10ad4f5 c10ab550 c10ab486 (asid=0x00000000)  4
c10d1916 c1036955 c10b1a3f c10ad092 c10ab4e3 c10ab496 (asid=0x00000000)  4
c10d1916 c1036955 c10b1a3f c10ad153 c10ab496 (asid=0x00000000)  4
c10d1916 c1036955 c10b1a3f c10ad18f c10ab496 (asid=0x00000000)  4
c104ac1f 0806569c 0807d701 0807a261 08078e0f 0808bc71 b75f8417 c12c835f c12c8499 c1010df4 c1037d3b c1037605 c1036d2b c10af695 c10acb01 c10ab499 (asid=0x00000000)  1
c104ac1f 0806569c 0807d701 0807a261 08078e0f 0808bc71 b75f8417 c12c835f c12c8499 c1010df4 c1037d3b c1037605 c1036d2b c10af695 c10acb3d c10ab499 (asid=0x00000000)  1
c104ac1f 0806569c 0807d701 0807a261 08078e0f 0808bc71 b75f8417 c12c835f c12c8499 c1010df4 c1037d3b c1037605 c1036d2b c10af695 c10acba4 c10ab499 (asid=0x00000000)  1
c104ac1f 0806569c 0807d701 0807a261 08078e0f 0808bc71 b75f8417 c12c835f c12c8499 c1010df4 c1037d3b c1037605 c1036d2b c10af695 c10acbe7 c10ab499 (asid=0x00000000)  1
c104ac1f 0806569c 0807d701 0807a261 08078e0f 0808bc71 b75f8417 c12c835f c12c8499 c1010df4 c1037d3b c1037605 c1036d2b c10af695 c10acb01 c10ab4a0 (asid=0x00000000)  1
c104ac1f 0806569c 0807d701 0807a261 08078e0f 0808bc71 b75f8417 c12c835f c12c8499 c1010df4 c1037d3b c1037605 c1036d2b c10af695 c10acb3d c10ab4a0 (asid=0x00000000)  1
c104ac1f 0806569c 0807d701 0807a261 08078e0f 0808bc71 b75f8417 c12c835f c12c8499 c1010df4 c1037d3b c1037605 c1036d2b c10af695 c10acba4 c10ab4a0 (asid=0x00000000)  1
c104ac1f 0806569c 0807d701 0807a261 08078e0f 0808bc71 b75f8417 c12c835f c12c8499 c1010df4 c1037d3b c1037605 c1036d2b c10af695 c10acbe7 c10ab4a0 (asid=0x00000000)  1
c10d1916 c1036955 c10b1a3f c10ad092 c10ab4e3 c10ab4a1 (asid=0x00000000)  4
c10d1916 c1036955 c10b1a3f c10ad153 c10ab4a1 (asid=0x00000000)  4
c10d1916 c1036955 c10b1a3f c10ad18f c10ab4a1 (asid=0x00000000)  4
c104ac1f 0806569c 0807d701 0807a261 08078e0f 0808bc71 b75f8417 c12c835f c12c8499 c1010df4 c1037d3b c1037605 c1036d2b c10af695 c10acda9 c10ab5f2 (asid=0x00000000)  6
c104ac1f 0806569c 0807d701 0807a261 08078e0f 0808bc71 b75f8417 c12c835f c12c8499 c1010df4 c1037d3b c1037605 c1036d2b c10af695 c10acda9 c10ab60d (asid=0x00000000)  6
b7789847 b7789c5d b779d821 b778bbf5 b7795702 b7796de6 b779648c b77904bb b778f0a8 c12c48a7 c12c6a23 c10ae5d2 c10addd2 c10ab923 c10ab7f0 (asid=0x00000000)  6
b7789847 b7789c5d b779d821 b778bfd0 c12c48a7 c12c6a23 c10ae5d2 c10ae2f2 c10ac8a4 c10ab7f0 (asid=0x00000000)  62
b7789847 c12c48a7 c12c6a23 c10ae5d2 c10addd2 c10abad0 (asid=0x00000000)  3
b7789847 c12c48a7 c12c6a23 c10ae5d2 c10addd2 c10abae3 (asid=0x00000000)  3
c10d1916 c1036955 c10b1a3f c10ad36e c10abebf (asid=0x00000000)  2
c10d1916 c1036955 c10b1a3f c10ad36e c10abf45 (asid=0x00000000)  2
0804a13d b7635e46 08049d2d b764e57f b764e4c8 b76bf674 c12c835f c103b830 c103b7fc c103b1df c103afe6 c1036955 c10b1a59 c10ac283 c10abfce (asid=0x00000000)  2
0804a13d b7635e46 08049d2d b764e57f b764e4c8 b76bf674 c12c835f c103b830 c103b7fc c103b1df c103afe6 c1036955 c10b1a59 c10ac283 c10abff5 (asid=0x00000000)  3
0804a13d b7635e46 08049d2d b764e57f b764e4c8 b76bf674 c12c835f c103b830 c103b7fc c103b1df c103afe6 c1036955 c10b1a59 c10ac283 c10abffc (asid=0x00000000)  3
0804a13d b7635e46 08049d2d b764e57f b764e4c8 b76bf674 c12c835f c103b830 c103b7fc c103b1df c103afe6 c1036955 c10b1a59 c10ac283 c10ac1ff (asid=0x00000000)  2
0804a13d b7635e46 08049d2d b764e57f b764e4c8 b76bf674 c12c835f c103b830 c103b7fc c103b1df c103afe6 c1036955 c10b1a59 c10ac216 (asid=0x00000000)  2
0804a13d b7635e46 08049d2d b764e57f b764e4c8 b76bf674 c12c835f c103b830 c103b7fc c103b1df c103afe6 c1036955 c10b1a59 c10ac25a (asid=0x00000000)  2
c10fd2ec c12c1145 c10b164d c10b0b28 c10ac26f (asid=0x00000000)  1
c10fd2ec c12c1145 c10b164d c10b0b28 c10ac278 (asid=0x00000000)  1
0804a13d b7635e46 08049d2d b764e57f b764e4c8 b76bf674 c12c835f c103b830 c103b7fc c103b1df c103afe6 c1036955 c10b1a59 c10ac278 (asid=0x00000000)  2
c104ac1f 0806569c 0807d701 0807a261 08078e0f 0808bc71 b75f8417 c12c835f c12c8499 c1010df4 c1037d3b c1037605 c1036d2b c10af695 c10acae4 c10ac295 (asid=0x00000000)  1
c104ac1f 0806569c 0807d701 0807a261 08078e0f 0808bc71 b75f8417 c12c835f c12c8499 c1010df4 c1037d3b c1037605 c1036d2b c10af695 c10acae4 c10ac29f (asid=0x00000000)  1
c104ac1f 0806569c 0807d701 0807a261 08078e0f 0808bc71 b75f8417 c12c835f c12c8499 c1010df4 c1037d3b c1037605 c1036d2b c10af695 c10acae4 c10ac37e (asid=0x00000000)  1
c10d1916 c1036955 c10b1a3f c10ad210 c10ac40a (asid=0x00000000)  6
c10d1916 c1036955 c10b1a3f c10ad210 c10ac40e (asid=0x00000000)  2
b7789847 c12c48a7 c12c6a23 c10ae5d2 c10ae2f2 c10ac4c1 c10ac413 (asid=0x00000000)  1
c10d1916 c1036955 c10b1a3f c10ad210 c10ac413 (asid=0x00000000)  2
c10d1916 c1036955 c10b1a3f c10ad210 c10ac486 (asid=0x00000000)  2
c10d1916 c1036955 c10b1a3f c10ad210 c10ac488 (asid=0x00000000)  6
b7789847 c12c48a7 c12c6a23 c10ae5d2 c10ae2f2 c10ac495 (asid=0x00000000)  1
b7789847 c12c48a7 c12c6a23 c10ae5d2 c10ae2f2 c10ac4ac (asid=0x00000000)  1
b7789847 c12c48a7 c12c6a23 c10ae5d2 c10ae2f2 c10ac4b7 (asid=0x00000000)  1
b7789847 c12c48a7 c12c6a23 c10ae5d2 c10ae2f2 c10ac4c5 (asid=0x00000000)  1
b7789847 c12c48a7 c12c6a23 c10ae5d2 c10ae2f2 c10ac814 (asid=0x00000000)  1
b7789847 c12c48a7 c12c6a23 c10ae5d2 c10ae2f2 c10ac941 (asid=0x00000000)  1
b7789847 c12c48a7 c12c6a23 c10ae5d2 c10ae2f2 c10ac945 (asid=0x00000000)  1
c104ac1f 0806569c 0807d701 0807a261 08078e0f 0808bc71 b75f8417 c12c835f c12c8499 c1010df4 c1037d3b c1037605 c1036d2b c10af695 c10aca89 (asid=0x00000000)  1
c104ac1f 0806569c 0807d701 0807a261 08078e0f 0808bc71 b75f8417 c12c835f c12c8499 c1010df4 c1037d3b c1037605 c1036d2b c10af695 c10acad1 (asid=0x00000000)  2
c104ac1f 0806569c 0807d701 0807a261 08078e0f 0808bc71 b75f8417 c12c835f c12c8499 c1010df4 c1037d3b c1037605 c1036d2b c10af695 c10acae4 (asid=0x00000000)  1
c104ac1f 0806569c 0807d701 0807a261 08078e0f 0808bc71 b75f8417 c12c835f c12c8499 c1010df4 c1037d3b c1037605 c1036d2b c10af695 c10acb66 (asid=0x00000000)  1
c104ac1f 0806569c 0807d701 0807a261 08078e0f 0808bc71 b75f8417 c12c835f c12c8499 c1010df4 c1037d3b c1037605 c1036d2b c10af695 c10acded (asid=0x00000000)  17
c104ac1f 0806569c 0807d701 0807a261 08078e0f 0808bc71 b75f8417 c12c835f c12c8499 c1010df4 c1037d3b c1037605 c1036d2b c10af695 c10ace04 (asid=0x00000000)  8
c104ac1f 0806569c 0807d701 0807a261 08078e0f 0808bc71 b75f8417 c12c835f c12c8499 c1010df4 c1037d3b c1037605 c1036d2b c10af695 c10ace8a (asid=0x00000000)  1
0804a13d b7635e46 08049d2d b764e57f b764e4c8 b76bf674 c12c835f c103b830 c103b7fc c103b1df c103afe6 c1036955 c10b1a3f c10acee3 (asid=0x00000000)  2
0804a13d b7635e46 08049d2d b764e57f b764e4c8 b76bf674 c12c835f c103b830 c103b7fc c103b1df c103afe6 c1036955 c10b1a3f c10aceea (asid=0x00000000)  2
0804a13d b7635e46 08049d2d b764e57f b764e4c8 b76bf674 c12c835f c103b830 c103b7fc c103b1df c103afe6 c1036955 c10b1a3f c10acf1c (asid=0x00000000)  2
0804a13d b7635e46 08049d2d b764e57f b764e4c8 b76bf674 c12c835f c103b830 c103b7fc c103b1df c103afe6 c1036955 c10b1a3f c10acfd3 (asid=0x00000000)  2
0804a13d b7635e46 08049d2d b764e57f b764e4c8 b76bf674 c12c835f c103b830 c103b7fc c103b1df c103afe6 c1036955 c10b1a3f c10acfe6 (asid=0x00000000)  2
0804a13d b7635e46 08049d2d b764e57f b764e4c8 b76bf674 c12c835f c103b830 c103b7fc c103b1df c103afe6 c1036955 c10b1a3f c10acff9 (asid=0x00000000)  2
0804a13d b7635e46 08049d2d b764e57f b764e4c8 b76bf674 c12c835f c103b830 c103b7fc c103b1df c103afe6 c1036955 c10b1a3f c10ad062 (asid=0x00000000)  2
0804a13d b7635e46 08049d2d b764e57f b764e4c8 b76bf674 c12c835f c103b830 c103b7fc c103b1df c103afe6 c1036955 c10b1a3f c10ad1b8 (asid=0x00000000)  2
c10d1916 c1036955 c10b1a3f c10ad1e3 (asid=0x00000000)  2
c10d1916 c1036955 c10b1a3f c10ad202 (asid=0x00000000)  2
c10d1916 c1036955 c10b1a3f c10ad210 (asid=0x00000000)  2
c10d1916 c1036955 c10b1a3f c10ad265 (asid=0x00000000)  2
c10d1916 c1036955 c10b1a3f c10ad27b (asid=0x00000000)  2
c10d1916 c1036955 c10b1a3f c10ad303 (asid=0x00000000)  2
c10d1916 c1036955 c10b1a3f c10ad309 (asid=0x00000000)  2
0804a13d b7635e46 08049d2d b764e57f b764e4c8 b76bf674 c12c835f c103b830 c103b7fc c103b1df c103afe6 c1036955 c10b1a3f c10ad337 (asid=0x00000000)  6
0804a13d b7635e46 08049d2d b764e57f b764e4c8 b76bf674 c12c835f c103b830 c103b7fc c103b1df c103afe6 c1036955 c10b1a3f c10ad3ca (asid=0x00000000)  22
0804a13d b7635e46 08049d2d b764e57f b764e4c8 b76bf674 c12c835f c103b830 c103b7fc c103b1df c103afe6 c1036955 c10b1a3f c10ad3d9 (asid=0x00000000)  10
0804a13d b7635e46 08049d2d b764e57f b764e4c8 b76bf674 c12c835f c103b830 c103b7fc c103b1df c103afe6 c1036955 c10b1a3f c10ad48f (asid=0x00000000)  2
0804a13d b7635e46 08049d2d b764e57f b764e4c8 b76bf674 c12c835f c103b830 c103b7fc c103b1df c103afe6 c1036955 c10b1a3f c10ad4af (asid=0x00000000)  2
0804a13d b7635e46 08049d2d b764e57f b764e4c8 b76bf674 c12c835f c103b830 c103b7fc c103b1df c103afe6 c1036955 c10b1a3f c10ad4e8 (asid=0x00000000)  2
b7789847 c12c48a7 c12c6a23 c10ae5d2 c10adab8 (asid=0x00000000)  1
b7789847 c12c48a7 c12c6a23 c10ae5d2 c10adac3 (asid=0x00000000)  1
b7789847 b7789c5d b779d821 b778bbf5 b7795702 b7796de6 b779648c b77904bb b778eacd c12c48a7 c12c6a23 c10ae5d2 c10adb2c (asid=0x00000000)  2
b7789847 c12c48a7 c12c6a23 c10ae5d2 c10ae2af (asid=0x00000000)  1
b7789847 c12c48a7 c12c6a23 c10ae5d2 c10ae2b8 (asid=0x00000000)  1
b7789847 c12c48a7 c12c6a23 c10ae5d2 c10ae2d3 (asid=0x00000000)  1
b7789847 c12c48a7 c12c6a23 c10ae5d2 c10ae2da (asid=0x00000000)  1
c104ac1f 0806569c 0807d701 0807a261 08078e0f 0808bc71 b75f8417 c12c835f c12c8499 c1010df4 c1037d3b c1037605 c1036d2b c10af672 c10ae3bf (asid=0x00000000)  1
c104ac1f 0806569c 0807d701 0807a261 08078e0f 0808bc71 b75f8417 c12c835f c12c8499 c1010df4 c1037d3b c1037605 c1036d2b c10af672 c10ae3dc (asid=0x00000000)  1
b7789847 b7789c5d b779d821 b778bbf5 c12c48a7 c12c6a23 c10ae416 (asid=0x00000000)  2
c104ac1f 0806569c 0807d701 0807a261 08078e0f 0808bc71 b75f8417 c12c835f c12c8499 c1010df4 c1037d3b c1037605 c1036d2b c10af490 (asid=0x00000000)  1
c104ac1f 0806569c 0807d701 0807a261 08078e0f 0808bc71 b75f8417 c12c835f c12c8499 c1010df4 c1037d3b c1037605 c1036d2b c10af63d (asid=0x00000000)  1
c104ac1f 0806569c 0807d701 0807a261 08078e0f 0808bc71 b75f8417 c12c835f c12c8499 c1010df4 c1037d3b c1037605 c1036d2b c10af681 (asid=0x00000000)  1
b7789847 b7789c5d b779d821 b778c128 b7793b8f b77937bf c12c3cb4 c10b31d5 c10b2be4 c10b1221 c10b1044 c10b083a (asid=0x00000000)  2
c10fd2ec c12c1158 c10b212a c10b083a (asid=0x00000000)  4
c10fd3ad c10fbcf7 c12c48a7 c12c6a23 c10ae5d2 c10addd2 c10ab840 c10b5167 c10b1451 c10b08ff (asid=0x00000000)  2
c10fd3ad c10fbcf7 c12c48a7 c12c68c0 c10b094a (asid=0x00000000)  1
c10fd2ec c12c1145 c10b14f2 c10b0959 (asid=0x00000000)  1
c10fd830 c10b20a4 c10b0959 (asid=0x00000000)  1
c104ac1f 08065777 0806552d 0806546d 08070434 08067699 08066bea 0808df2b 080b6c14 080f5610 c12c48a7 c12c68c0 c10b0959 (asid=0x00000000)  7
c10fd2ec c12c1145 c10b14f2 c10b096a (asid=0x00000000)  1
c10fd2ec c12c1145 c10b1558 c10b096a (asid=0x00000000)  1
0804a13d b7635e46 08049509 b763ffa9 b7640892 b7640ef8 b76f0d08 c12c835f c10b2819 c10b2573 c10b0b9d c10b1889 c10b096a (asid=0x00000000)  2
0804a13d b7635e46 08049509 b763ffa9 b7640892 b7640ef8 b76f0d08 c12c835f c10b2819 c10b2573 c10b0b9d c10b18a7 c10b096a (asid=0x00000000)  1
c104ac1f 08065777 0806552d 0806546d 08070434 08067699 c12c48a7 c12c68c0 c10b096a (asid=0x00000000)  6
c10fd3ad c10fbcf7 c12c48a7 c12c68c0 c10b0985 (asid=0x00000000)  1
c10fd2ec c12c1145 c10b164d c10b0b10 (asid=0x00000000)  1
c10fd2ec c12c1145 c10b164d c10b0b1c (asid=0x00000000)  1
0804a13d b7635e46 08049d2d b764e57f b764e4c8 b76bf674 c12c835f c103b830 c103b7fc c103b1df c103afe6 c1036955 c10b1a59 c10ac225 c10b0d10 (asid=0x00000000)  2
0804a13d b7635e46 08049d2d b764e57f b764e4c8 b76bf674 c12c835f c103b830 c103b7fc c103b1df c103afe6 c1036955 c10b1a59 c10ac225 c10b0d47 (asid=0x00000000)  2
b7789847 b7789c5d b779d821 b778c128 b7793b8f b77937bf c12c3cb4 c10b31d5 c10b2be4 c10b1221 c10b1051 (asid=0x00000000)  2
c10fd2ec c12c1158 c10b2228 c10b13a3 (asid=0x00000000)  4
c10fd2ec c12c1145 c10b1560 (asid=0x00000000)  1
c10fd2ec c12c1145 c10b15fa (asid=0x00000000)  1
c10fd2ec c12c1145 c10b1627 (asid=0x00000000)  1
c10fd2ec c12c1120 c10b2573 c10b0b9d c10b1890 (asid=0x00000000)  1
c10fd2ec c12c1145 c10b1633 c10b1916 (asid=0x00000000)  1
c10fd2ec c12c1145 c10b1633 c10b191c (asid=0x00000000)  1
c10fce4a c10d0dfa c10b1f58 (asid=0x00000000)  1
c10fce4a c10d0dfa c10b1f7d (asid=0x00000000)  1
c10fce4a c10d0dfa c10b1f85 (asid=0x00000000)  2
c10fce4a c10d0dfa c10b1fb1 (asid=0x00000000)  1
c10fce4a c10d0dfa c10b1fbb (asid=0x00000000)  1
c10fce4a c10d0dfa c10b1ffd (asid=0x00000000)  1
c10fce4a c10d0dfa c10b2055 (asid=0x00000000)  1
c10fce4a c10d0dfa c10b2059 (asid=0x00000000)  1
c10fce4a c10d0dfa c10b208b (asid=0x00000000)  1
c10fd830 c10b20aa (asid=0x00000000)  1
0804a13d b7635e46 08049509 b763ffa9 b7640892 b7640ef8 b76f0d08 c12c835f c10b2819 c10b210a (asid=0x00000000)  1
0804a13d b7635e46 08049509 b763ffa9 b7640892 b7640ef8 b76f0d08 c12c835f c10b2819 c10b210d (asid=0x00000000)  1
c10fd2ec c12c1120 c10b2136 (asid=0x00000000)  1
c10fd2ec c12c1158 c10b2136 (asid=0x00000000)  3
0804a13d b7635e46 08049509 b763ffa9 b7640892 b7640ef8 b76f0d08 c12c835f c10b2819 c10b2604 (asid=0x00000000)  1
b7789847 b7789c5d b779d821 b778bbf5 b7795702 b7796de6 b779648c b77904bb b778eacd c12c48a7 c12c6a23 c10ae5d2 c10add29 c10b464b c10b405c c10b3ef8 (asid=0x00000000)  3
c104ac1f 08065777 0806552d 0806546d 08070434 08067699 c12c48a7 c12c6a23 c10ae5d2 c10ae2f2 c10ac5da c10b459b c10b3ef8 (asid=0x00000000)  3
0804a13d b7635e46 08049d2d b764e57f b764e4c8 b76bf674 c12c835f c103b830 c103b7fc c103b1df c103afe6 c1036955 c10b1a59 c10ac21e c10b4e9e (asid=0x00000000)  2
c10d1916 c1036955 c10b1a59 c10ac248 c10b4ed3 (asid=0x00000000)  2
c10d1916 c1036955 c10b1a59 c10ac248 c10b4ed6 (asid=0x00000000)  2
c10d1916 c1036955 c10b1a59 c10ac248 c10b4eec (asid=0x00000000)  2
0804a13d b7635e46 08049d2d b764e57f b764e4c8 b76bf674 c12c835f c103b830 c103b7fc c103b1df c103afe6 c1036955 c10b1a59 c10ac21e c10b4f82 (asid=0x00000000)  2
c104ac1f 0806569c 0807d701 0807a261 08078e0f 0808bc71 b75f8417 c12c835f c12c8499 c1010df4 c1037d3b c1037605 c1036c85 c10b5080 c10b4f8f (asid=0x00000000)  2
c104ac1f 0806569c 0807d701 0807a261 08078e0f 0808bc71 b75f8417 c12c835f c12c8499 c1010df4 c1037d3b c1037605 c1036c85 c10b5080 c10b4f9c (asid=0x00000000)  2
c104ac1f 0806569c 0807d701 0807a261 08078e0f 0808bc71 b75f8417 c12c835f c12c8499 c1010df4 c1037d3b c1037605 c1036c85 c10b5080 c10b4fe3 (asid=0x00000000)  2
c104ac1f 0806569c 0807d701 0807a261 08078e0f 0808bc71 b75f8417 c12c835f c12c8499 c1010df4 c1037d3b c1037605 c1036c85 c10b5080 c10b5012 (asid=0x00000000)  1
c104ac1f 0806569c 0807d701 0807a261 08078e0f 0808bc71 b75f8417 c12c835f c12c8499 c1010df4 c1037d3b c1037605 c1036c85 c10b5080 c10b501e (asid=0x00000000)  1
c104ac1f 0806569c 0807d701 0807a261 08078e0f 0808bc71 b75f8417 c12c835f c12c8499 c1010df4 c1037d3b c1037605 c1036c85 c10b5080 c10b5023 (asid=0x00000000)  2
c104ac1f 0806569c 0807d701 0807a261 08078e0f 0808bc71 b75f8417 c12c835f c12c8499 c1010df4 c1037d3b c1037605 c1036c85 c10b5080 c10b502f (asid=0x00000000)  2
c10fce4a c10d0dfa c10b1f6d c10b511e (asid=0x00000000)  1
c10fce4a c10d0dfa c10b1f6d c10b520e (asid=0x00000000)  1
b7789847 c12c48a7 c12c6a23 c10ae5d2 c10ae2f2 c10ac9b4 c10b7c05 (asid=0x00000000)  1
c10d1916 c1036955 c10b1a3f c10ad36e c10abed8 c10b89a7 c10b8790 (asid=0x00000000)  6
c10d1916 c1036955 c10b1a3f c10ad36e c10abed8 c10b89a7 c10b87bd (asid=0x00000000)  6
0804a13d b7635e46 08049509 b763ffa9 b7640892 b7640e6c b76e4fe3 c12c835f c10cc873 c10cc84b c10c1242 c10c1138 (asid=0x00000000)  1
0804a13d b7635e46 08049509 b763ffa9 b7640892 b7640e6c b76e4fe3 c12c835f c10cc873 c10cc84b c10c1242 c10c11d4 (asid=0x00000000)  1
0804a13d b7635e46 08049509 b763ffa9 b7640892 b7640e6c b76e4fe3 c12c835f c10cc873 c10cc7ad c10d448f c10c2117 (asid=0x00000000)  1
0804a13d b7635e46 08049509 b763ffa9 b7640892 b7640e6c b76e4fe3 c12c835f c10cc873 c10cc7ad c10d448f c10c219a (asid=0x00000000)  1
c10fce4a c10d0dfa c10b2083 c10c5ef4 (asid=0x00000000)  1
b7789847 c12c48a7 c12c6a23 c10ae5d2 c10addd2 c10ababb c10c6879 (asid=0x00000000)  1
b7789847 c12c48a7 c12c6a23 c10ae5d2 c10addd2 c10ababb c10c690e (asid=0x00000000)  1
b7789847 b7789c5d b779d821 b778bbf5 c12c48a7 c12c6a23 c10ae422 c10c7f07 c10c7b73 (asid=0x00000000)  2
b7635e46 08049509 b763ffa9 b7640892 b7640e6c b76e4fe3 c12c835f c10cc873 c10cc7dc c10d6d92 c10d6c94 c10d683d c10cc77d c10cba2f c8950a6c c1100c3b c10cb790 (asid=0x00000000)  1
b7635e46 08049509 b763ffa9 b7640892 b7640e6c b76e4fe3 c12c835f c10cc873 c10cc7dc c10d6d92 c10d6c94 c10d683d c10cc77d c10cba2f c8950a6c c1100c3b c10cb7c6 (asid=0x00000000)  1
0804a13d b7635e46 08049509 b763ffa9 b7640892 b7640e6c b76e4fe3 c12c835f c10cc873 c10cc7dc c10d6d92 c10d6c94 c10d683d c10cc77d c10cb8e8 (asid=0x00000000)  1
0804a13d b7635e46 0804977b b76e5084 c12c835f c10cc873 c10cc7dc c10d6d92 c10d6aff c10d683d c10cc77d c10cb9e6 (asid=0x00000000)  20
0804a13d b7635e46 08049509 b763ffa9 b7640892 b7640e6c b76e4fe3 c12c835f c10cc873 c10cc7dc c10d6d92 c10d6c94 c10d683d c10cc77d c10cba42 (asid=0x00000000)  1
c104ac1f 0806569c 0807d701 0807ba0f 0808c0bc 08071975 b761e3ec c12c835f c10cbd7c (asid=0x00000000)  2
c104ac1f 0806569c 0807d701 0807ba0f 0808c0bc 08071975 b761e3ec c12c835f c10cbd9d (asid=0x00000000)  2
c104ac1f 0806569c 0807d701 0807a261 08078e0f 0808bbfe 08088c84 b761ed22 c12c835f c10d3ad2 c10d3a8e c10d3a38 c10cbe06 (asid=0x00000000)  1
c104ac1f 0806569c 0807d701 0807a261 08078e0f 0808bbfe 08088c84 b761ed22 c12c835f c10d3ad2 c10d3a8e c10d3a41 c10cbe06 (asid=0x00000000)  1
0804a13d b7635e46 08049509 b763ffa9 b7640892 b7640e6c b76e4fe3 c12c835f c10cc873 c10cc7dc c10d6d92 c10d6c94 c10d683d c10cc743 (asid=0x00000000)  1
0804a13d b7635e46 08049509 b763ffa9 b7640892 b7640e6c b76e4fe3 c12c835f c10cc873 c10cc7dc c10d6d92 c10d6c94 c10d683d c10cc786 (asid=0x00000000)  1
0804a13d b7635e46 08049509 b763ffa9 b7640892 b7640e6c b76e4fe3 c12c835f c10cc873 c10cc78b (asid=0x00000000)  1
0804a13d b7635e46 08049509 b763ffa9 b7640892 b7640e6c b76e4fe3 c12c835f c10cc873 c10cc800 (asid=0x00000000)  1
0804a13d b7635e46 08049509 b763ffa9 b7640892 b7640e6c b76e4fe3 c12c835f c10cc873 c10cc852 (asid=0x00000000)  1
0804a13d b7635e46 08049509 b763ffa9 b7640892 b7640e6c b76e4fe3 c12c835f c10cc85c (asid=0x00000000)  1
0804a13d b7635e46 08049509 b763ffa9 b7640892 b7640e6c b76e4fe3 c12c835f c10cc85d (asid=0x00000000)  1
0804a13d b7635e46 08049509 b763ffa9 b7640892 b7640e6c b76e4fe3 c12c835f c10cc874 (asid=0x00000000)  1
c10b1a70 c10b0a71 c10cde9c (asid=0x00000000)  1
c10b1a70 c10b0a71 c10cdeaa (asid=0x00000000)  1
c104ac1f 08065777 0806552d 0806546d 0806ddc2 0806aa0b 080679ce 08065bb8 080d8c2d 080d8785 080ec021 080eb89c b761e463 c12c835f c10cd3f4 c10ce320 (asid=0x00000000)  21
0806546d 0806ddc2 0806aa0b 080679ce 08065bb8 080d8c1c 080d7e67 080e8428 b75b97b0 b75c54ca b75c4ae6 b75c47cf b75c4b44 b761e4e3 c12c835f c10cd455 c10ce320 (asid=0x00000000)  22
c104ac1f 08065777 0806552d 0806546d 0806ddc2 0806aa0b 080679ce 08065bb8 080d8c12 080dd09c 080dca74 b7624e66 c12c835f c10d8adb c10ce320 (asid=0x00000000)  14
0804a13d b7635e46 08049509 b763ffa9 b7640892 b7640e6c b76e4fe3 c12c835f c10cc873 c10cc7dc c10d6d92 c10d6c94 c10d683d c10cc77d c10cb96a c10ce3e9 (asid=0x00000000)  1
0804a13d b7635e46 08049509 b763ffa9 b7640892 b7640e6c b76e4fe3 c12c835f c10cc873 c10cc7dc c10d6d92 c10d6c94 c10d683d c10cc77d c10cb96a c10ce415 (asid=0x00000000)  1
0804a13d b7635e46 08049509 b763ffa9 b7640892 b7640e96 b76e47c3 c12c835f c10d0565 c10d038d c10d02c8 c8954ef6 c10d01ff (asid=0x00000000)  1
0804a13d b7635e46 08049509 b763ffa9 b7640892 b7640e96 b76e47c3 c12c835f c10d0565 c10d038d c10d02c8 c8954ef6 c10d0290 (asid=0x00000000)  1
0804a13d b7635e46 08049509 b763ffa9 b7640892 b7640e96 b76e47c3 c12c835f c10d0565 c10d038d c10d029e (asid=0x00000000)  1
0804a13d b7635e46 08049509 b763ffa9 b7640892 b7640e6c b76e4fe3 c12c835f c10cc873 c10cc7dc c10d6d92 c10d6ae5 c10d5128 c10d4b99 c10d3ec3 (asid=0x00000000)  29
0804a13d b7635e46 08049509 b763ffa9 b7640892 b7640e6c b76e4fe3 c12c835f c10cc873 c10cc7dc c10d6d92 c10d6ae5 c10d5128 c10d4b99 c10d3ee2 (asid=0x00000000)  29
0804a13d b7635e46 08049509 b763ffa9 b7640892 b7640e6c b76e4fe3 c12c835f c10cc873 c10cc7ad c10d4473 (asid=0x00000000)  1
0804a13d b7635e46 08049509 b763ffa9 b7640892 b7640e6c b76e4fe3 c12c835f c10cc873 c10cc7ad c10d4478 (asid=0x00000000)  1
0804a13d b7635e46 08049509 b763ffa9 b7640892 b7640e6c b76e4fe3 c12c835f c10cc873 c10cc7ad c10d44ab (asid=0x00000000)  1
0804a13d b7635e46 08049509 b763ffa9 b7640892 b7640e6c b76e4fe3 c12c835f c10cc873 c10cc7ad c10d44c4 (asid=0x00000000)  1
0804a13d b7635e46 08049509 b763ffa9 b7640892 b7640e6c b76e4fe3 c12c835f c10cc873 c10cc7ad c10d44d8 (asid=0x00000000)  1
0804a13d b7635e46 08049509 b763ffa9 b7640892 b7640e6c b76e4fe3 c12c835f c10cc873 c10cc7ad c10d4551 (asid=0x00000000)  1
0804a13d b7635e46 08049509 b763ffa9 b7640892 b7640e6c b76e4fe3 c12c835f c10cc873 c10cc7dc c10d6d92 c10d6ae5 c10d5128 c10d48aa (asid=0x00000000)  28
0804a13d b7635e46 08049509 b763ffa9 b7640892 b7640e6c b76e4fe3 c12c835f c10cc873 c10cc7dc c10d6d92 c10d6ae5 c10d5128 c10d48ad (asid=0x00000000)  28
0804a13d b7635e46 08049509 b763ffa9 b7640892 b7640e6c b76e4fe3 c12c835f c10cc873 c10cc7dc c10d6d92 c10d6c94 c10d6438 c10d4aff (asid=0x00000000)  1
0804a13d b7635e46 08049509 b763ffa9 b7640892 b7640e6c b76e4fe3 c12c835f c10cc873 c10cc7dc c10d6d92 c10d6c94 c10d6438 c10d4b02 (asid=0x00000000)  1
0804a13d b7635e46 08049509 b763ffa9 b7640892 b7640e6c b76e4fe3 c12c835f c10cc873 c10cc7dc c10d6d92 c10d6ae5 c10d5128 c10d4b14 (asid=0x00000000)  28
0804a13d b7635e46 08049509 b763ffa9 b7640892 b7640e6c b76e4fe3 c12c835f c10cc873 c10cc7dc c10d6d92 c10d6c94 c10d6438 c10d4b14 (asid=0x00000000)  1
0804a13d b7635e46 08049509 b763ffa9 b7640892 b7640e6c b76e4fe3 c12c835f c10cc873 c10cc7dc c10d6d92 c10d6ae5 c10d5128 c10d4b9b (asid=0x00000000)  28
0804a13d b7635e46 08049509 b763ffa9 b7640892 b7640e6c b76e4fe3 c12c835f c10cc873 c10cc7dc c10d6d92 c10d6c94 c10d6438 c10d4b9b (asid=0x00000000)  1
0804a13d b7635e46 08049509 b763ffa9 b7640892 b7640e6c b76e4fe3 c12c835f c10cc873 c10cc7dc c10d6d92 c10d6ae5 c10d5128 c10d4b9f (asid=0x00000000)  28
0804a13d b7635e46 08049509 b763ffa9 b7640892 b7640e6c b76e4fe3 c12c835f c10cc873 c10cc7dc c10d6d92 c10d6c94 c10d6438 c10d4b9f (asid=0x00000000)  1
0804a13d b7635e46 08049509 b763ffa9 b7640892 b7640e6c b76e4fe3 c12c835f c10cc873 c10cc7dc c10d6d92 c10d6c94 c10d6714 c10d4fa4 c10d4d6c (asid=0x00000000)  1
0804a13d b7635e46 08049509 b763ffa9 b7640892 b7640e6c b76e4fe3 c12c835f c10cc873 c10cc7dc c10d6d92 c10d6ae5 c10d502b c10d4fa4 c10d4d73 (asid=0x00000000)  29
0804a13d b7635e46 08049509 b763ffa9 b7640892 b7640e6c b76e4fe3 c12c835f c10cc873 c10cc7dc c10d6d92 c10d6ae5 c10d502b c10d4fa4 c10d4f38 (asid=0x00000000)  29
0804a13d b7635e46 08049509 b763ffa9 b7640892 b7640e6c b76e4fe3 c12c835f c10cc873 c10cc7dc c10d6d92 c10d6c94 c10d6714 c10d4fa4 c10d4f3b (asid=0x00000000)  1
0804a13d b7635e46 08049509 b763ffa9 b7640892 b7640e6c b76e4fe3 c12c835f c10cc873 c10cc7dc c10d6d92 c10d6ae5 c10d502b c10d4f41 (asid=0x00000000)  28
0804a13d b7635e46 08049509 b763ffa9 b7640892 b7640e6c b76e4fe3 c12c835f c10cc873 c10cc7dc c10d6d92 c10d6ae5 c10d502b c10d4fd5 (asid=0x00000000)  28
0804a13d b7635e46 08049509 b763ffa9 b7640892 b7640e6c b76e4fe3 c12c835f c10cc873 c10cc7dc c10d6d92 c10d6ae5 c10d501e (asid=0x00000000)  28
080793a3 08077cc7 b75f86af c12c835f c12c842e c1010e25 c10d1f33 c10d136c c10fcca6 c10d0b36 c10d6d92 c10d6c42 c10d5071 (asid=0x00000000)  2
080793a3 08077cc7 b75f86af c12c835f c12c842e c1010e25 c10d1f33 c10d136c c10fcca6 c10d0b36 c10d6d92 c10d6c42 c10d5079 (asid=0x00000000)  1
0804a13d b7635e46 08049509 b763ffa9 b7640892 b7640e6c b76e4fe3 c12c835f c10cc873 c10cc7dc c10d6d92 c10d6ae5 c10d530c (asid=0x00000000)  28
0804a13d b7635e46 08049509 b763ffa9 b7640892 b7640e6c b76e4fe3 c12c835f c10cc873 c10cc7dc c10d6d92 c10d6c94 c10d663e (asid=0x00000000)  1
0804a13d b7635e46 08049509 b763ffa9 b7640892 b7640e6c b76e4fe3 c12c835f c10cc873 c10cc7dc c10d6d92 c10d6c94 c10d668e (asid=0x00000000)  1
0804a13d b7635e46 0804977b b76e5084 c12c835f c10cc873 c10cc7dc c10d6d92 c10d6aff c10d6438 c10d48c7 c10db9de c10da237 (asid=0x00000000)  146
c104ac1f 0806569c 0807d701 0807ba9a 0808ad54 08089b66 b75f7e13 c12c835f c103ba50 c103ba24 c103aaf5 c103a6c0 c1039f13 c110661b c10dbb85 c10dbad6 c10da237 (asid=0x00000000)  21
0804a13d b7635e46 08049509 b763ffa9 b7640833 b7637aad b76390d3 b763f605 b76e4fe3 c12c835f c10cc873 c10cc7dc c10d6d92 c10d6ae5 c10d5128 c10d48c7 c10dba01 (asid=0x00000000)  2
0804a13d b7635e46 08049509 b763ffa9 b7640892 b7640e6c b76e4fe3 c12c835f c10cc873 c10cc7dc c10d6d92 c10d6ae5 c10d5128 c10d48c7 c10dba07 (asid=0x00000000)  28
0804a13d b7635e46 08049509 b763ffa9 b7640892 b7640e6c b76e4fe3 c12c835f c10cc873 c10cc7dc c10d6d92 c10d6ae5 c10d5128 c10d48c7 c10dba10 (asid=0x00000000)  28
0804a13d b7635e46 08049509 b763ffa9 b7640892 b7640e6c b76e4fe3 c12c835f c10cc873 c10cc7dc c10d6d92 c10d6ae5 c10d5128 c10d48c7 c10dba77 (asid=0x00000000)  28
0804a13d b7635e46 08049509 b763ffa9 b7640892 b7640e6c b76e4fe3 c12c835f c10cc873 c10cc7dc c10d6d92 c10d6ae5 c10d5128 c10d48c7 c10dba7f (asid=0x00000000)  28
0804a13d b7635e46 08049509 b763ffa9 b7640892 b7640e6c b76e4fe3 c12c835f c10cc873 c10cc7dc c10d6d92 c10d6c42 c10d5128 c10d49d6 c10dbaea (asid=0x00000000)  4
0804a13d b7635e46 08049509 b763ffa9 b7640892 b7640ef8 b76f0d08 c12c835f c10b2819 c10b22f4 c8950ab0 c10dc945 (asid=0x00000000)  1
c104ac1f 0806569c 0807d701 0807a261 08078e0f 0808bbfe 08088c84 b761ed22 c12c835f c10d3ad2 c10d3a8e c10d3a14 c10de71d c10de387 (asid=0x00000000)  2
c104ac1f 0806569c 0807d701 0807a261 08078e0f 0808bbfe 08088c84 b761ed22 c12c835f c10d3ad2 c10d3a8e c10d3a14 c10de71d c10de39f (asid=0x00000000)  2
c104ac1f 0806569c 0807d701 0807a261 08078e0f 0808bbfe 08088c84 b761ed22 c12c835f c10d3ad2 c10d3a8e c10d3a14 c10de71d c10de4db (asid=0x00000000)  2
c104ac1f 0806569c 0807d701 0807a261 08078e0f 0808bc71 b75f8417 c12c835f c12c8499 c1010df4 c1037d3b c1037313 c10de557 (asid=0x00000000)  1
c104ac1f 0806569c 0807d701 0807a261 08078e0f 0808bc71 b75f8417 c12c835f c12c8499 c1010df4 c1037d3b c1037313 c10de57b (asid=0x00000000)  1
c104ac1f 0806569c 0807d701 0807a261 08078e0f 0808bc71 b75f8417 c12c835f c12c8499 c1010df4 c1037d3b c1037313 c10de5d9 (asid=0x00000000)  1
c104ac1f 0806569c 0807d701 0807a261 08078e0f 0808bc71 b75f8417 c12c835f c12c8499 c1010df4 c1037d3b c1037313 c10de5f5 (asid=0x00000000)  1
c104ac1f 0806569c 0807d701 0807a261 08078e0f 0808bc71 b75f8417 c12c835f c12c8499 c1010df4 c1037d3b c1037313 c10de5fd (asid=0x00000000)  1
c104ac1f 0806569c 0807d701 0807a261 08078e0f 0808bc71 b75f8417 c12c835f c12c8499 c1010df4 c1037d3b c1037313 c10de621 (asid=0x00000000)  1
c104ac1f 0806569c 0807d701 0807a261 08078e0f 0808bbfe 08088c84 b761ed22 c12c835f c10d3ad2 c10d3a8e c10d3a05 c10de6f4 (asid=0x00000000)  1
c104ac1f 0806569c 0807d701 0807a261 08078e0f 0808bbfe 08088c84 b761ed22 c12c835f c10d3ad2 c10d3a8e c10d3a14 c10de6f4 (asid=0x00000000)  1
0804a13d b7635e46 08049509 b763ffa9 b7640892 b7640e6c b76e4fe3 c12c835f c10cc873 c10cc837 c10f2cae (asid=0x00000000)  1
c10b1a70 c10b0a71 c10cdefd c10f2cae (asid=0x00000000)  1
c10b1a70 c10b0a71 c10cdefd c10f2cb1 (asid=0x00000000)  1
0804a13d b7635e46 08049509 b763ffa9 b7640892 b7640e6c b76e4fe3 c12c835f c10cc873 c10cc7dc c10d6d92 c10d6c94 c10d683d c10cc77d c10cb9eb c1122058 c10f2cb1 (asid=0x00000000)  1
c10b1a70 c10b0a71 c10cdefd c10f2e93 (asid=0x00000000)  1
0804a13d b7635e46 08049509 b763ffa9 b7640892 b7640e6c b76e4fe3 c12c835f c10cc873 c10cc7dc c10d6d92 c10d6c94 c10d683d c10cc77d c10cb9eb c1122058 c10f2e93 (asid=0x00000000)  1
0804a13d b7635e46 08049509 b763ffa9 b7640892 b7640e6c b76e4fe3 c12c835f c10cc873 c10cc837 c10f2e94 (asid=0x00000000)  1
c10b1a70 c10b0a71 c10cdefd c10f2e94 (asid=0x00000000)  1
0804a13d b7635e46 08049509 b763ffa9 b7640892 b7640e6c b76e4fe3 c12c835f c10cc873 c10cc824 c10f2f59 (asid=0x00000000)  1
c10b1a70 c10b0a71 c10cdeea c10f2f59 (asid=0x00000000)  1
c10b1a70 c10b0a71 c10cdeea c10f2f5c (asid=0x00000000)  1
0804a13d b7635e46 08049509 b763ffa9 b7640892 b7640e6c b76e4fe3 c12c835f c10cc873 c10cc7dc c10d6d92 c10d6c94 c10d683d c10cc77d c10cb9eb c1122043 c10f2f5c (asid=0x00000000)  1
0804a13d b7635e46 08049509 b763ffa9 b7640892 b7640e6c b76e4fe3 c12c835f c10cc873 c10cc824 c10f2f63 (asid=0x00000000)  1
c10b1a70 c10b0a71 c10cdeea c10f2f63 (asid=0x00000000)  1
0804a13d b7635e46 08049509 b763ffa9 b7640892 b7640e6c b76e4fe3 c12c835f c10cc873 c10cc824 c10f2fd9 (asid=0x00000000)  1
c10b1a70 c10b0a71 c10cdeea c10f2fd9 (asid=0x00000000)  1
c10b1a70 c10b0a71 c10cdeea c10f2fdc (asid=0x00000000)  1
0804a13d b7635e46 08049509 b763ffa9 b7640892 b7640e6c b76e4fe3 c12c835f c10cc873 c10cc7dc c10d6d92 c10d6c94 c10d683d c10cc77d c10cb9eb c1122043 c10f2fdc (asid=0x00000000)  1
0804a13d b7635e46 08049509 b763ffa9 b7640892 b7640e6c b76e4fe3 c12c835f c10cc873 c10cc824 c10f2fdd (asid=0x00000000)  1
c10b1a70 c10b0a71 c10cdeea c10f2fdd (asid=0x00000000)  1
0804a13d b7635e46 08049509 b763ffa9 b7640892 b7640f20 c12c835f c10cbdb8 c10cbd4c c10f4103 (asid=0x00000000)  1
0804a13d b7635e46 08049509 b763ffa9 b7640892 b7640f20 c12c835f c10cbdb8 c10cbd55 c10fae8a (asid=0x00000000)  1
c10b1a70 c10b0a71 c10cdf16 c10fb97a (asid=0x00000000)  1
c10b1a70 c10b0a71 c10cdf16 c10fb97b (asid=0x00000000)  1
c10b1a70 c10b0a71 c10cdf16 c10fb986 (asid=0x00000000)  1
c10b1a70 c10b0a71 c10cdf16 c10fba48 (asid=0x00000000)  1
c10b1a70 c10b0a71 c10cdf16 c10fba49 (asid=0x00000000)  1
c10fd599 (asid=0x00000000)  1
c10fd752 (asid=0x00000000)  1
c10fd76d (asid=0x00000000)  1
c10fd7f4 (asid=0x00000000)  1
0804a13d b7635e46 08049509 b763ffa9 b7640892 b7640e6c b76e4fe3 c12c835f c10cc873 c10cc7dc c10d6d92 c10d6c94 c10d683d c10cc77d c10cba2f c8950a6c c1100c33 (asid=0x00000000)  1
0804a13d b7635e46 08049509 b763ffa9 b7640892 b7640e6c b76e4fe3 c12c835f c10cc873 c10cc7dc c10d6d92 c10d6c94 c10d683d c10cc77d c10cba2f c8950a6c c1100c50 (asid=0x00000000)  1
080793a3 08077cc7 b75f86af c12c835f c12c842e c1010e25 c10d1ec8 c10d0aab c1122204 c11216eb c112103e (asid=0x00000000)  1
c10fce4a c10d0dfa c10b1f90 c1121b81 c11210fb (asid=0x00000000)  1
080793a3 08077cc7 b75f86af c12c835f c12c842e c1010e25 c10d1ec8 c10d0aab c1122204 c11216e6 (asid=0x00000000)  1
c10fce4a c10d0dfa c10b1f90 c1121b73 (asid=0x00000000)  2
0804a13d b7635e46 08049509 b763ffa9 b7640892 b7640e6c b76e4fe3 c12c835f c10cc873 c10cc7dc c10d6d92 c10d6c94 c10d683d c10cc77d c10cb9eb c112200c (asid=0x00000000)  1
0804a13d b7635e46 08049509 b763ffa9 b7640892 b7640e6c b76e4fe3 c12c835f c10cc873 c10cc7dc c10d6d92 c10d6c94 c10d683d c10cc77d c10cb9eb c1122015 (asid=0x00000000)  1
0804a13d b7635e46 08049509 b763ffa9 b7640892 b7640e6c b76e4fe3 c12c835f c10cc873 c10cc7dc c10d6d92 c10d6c94 c10d683d c10cc77d c10cb9eb c1122060 (asid=0x00000000)  1
0804a13d b7635e46 0804977b b76e5084 c12c835f c10cc873 c10cc7dc c10d6d92 c10d6aff c10d683d c10cc77d c10cb9eb c1122063 (asid=0x00000000)  20
0804a13d b7635e46 08049509 b763ffa9 b7640892 b7640e96 b76e47c3 c12c835f c10d0565 c10d038d c10d02a9 c11223b0 (asid=0x00000000)  1
c10b1a70 c10b0a71 c10cdf4e c112251a (asid=0x00000000)  22
0804a13d b7635e46 08049509 b763ffa9 b7640892 b7640e6c b76e4fe3 c12c835f c10cc873 c10cc7dc c10d6d92 c10d6cd4 c10ce3d8 c112251a (asid=0x00000000)  13
c10fcdfa c10d2057 c10267ed c11e781a c115faff (asid=0x00000000)  1
c10fcdfa c10d2057 c10267ed c11e781a c115fb0f (asid=0x00000000)  1
c10fcdfa c10d2057 c10267ed c11e781a c115fb18 (asid=0x00000000)  1
c10fcdfa c10d2057 c10267ed c11e781a c115fb26 (asid=0x00000000)  1
c10fd97e c1010f47 c11e7837 c11e781a c115fb79 (asid=0x00000000)  1
c10fd97e c1010f47 c11e7837 c11e781a c115fb8c (asid=0x00000000)  1
c10fd97e c1010f47 c11e7837 c11e781a c115fe83 (asid=0x00000000)  1
c10fd97e c1010f47 c11e7837 c11e781a c115fe98 (asid=0x00000000)  1
c10fcdfa c10d2057 c10267ed c11e781a c116025f (asid=0x00000000)  1
c10d18f6 c10267ed c11e781a c1160271 (asid=0x00000000)  1
c104ac1f 08065777 0806552d 0806546d 0806ddc2 0806aa0b 080679ce 08065ca0 0808a5b7 b762509c b7625a99 c12c835f c10d8b01 c10d8a87 c11cf9eb c1164baa (asid=0x00000000)  3
c10fd93a c1165967 (asid=0x00000000)  2
c10fd5b2 c1165c6f (asid=0x00000000)  1
c10fd5b2 c1165c9f (asid=0x00000000)  2
b7789847 b7789c5d b779d821 b778bbf5 b7795702 b7796de6 b779648c b7790761 b778e1e5 c12c3cb4 c10cd41a c10cd38c c10ccbdd c109799f c10961d5 c1165caa (asid=0x00000000)  2
c10fd5b2 c1165cb4 (asid=0x00000000)  1
c104ac1f 0806569c 0807d701 0807a261 08078e0f 0808bbfe 08088c84 b761ed22 c12c835f c10d3ad2 c10d3a8e c10d3a14 c10de70f c11686c7 (asid=0x00000000)  2
c104ac1f 0806569c 0807d701 0807a261 08078e0f 0808bbfe 08088c84 b761ed22 c12c835f c10d3ad2 c10d3a8e c10d3a14 c10de70f c1168741 (asid=0x00000000)  2
c10b1a70 c10b0a71 c10cdfb1 c10cde42 c116f431 (asid=0x00000000)  1
c10b1a70 c10b0a71 c10cdfb1 c10cde42 c116f432 (asid=0x00000000)  1
c10b1a70 c10b0a71 c10cdfb1 c10cde42 c116f499 (asid=0x00000000)  1
c10b1a70 c10b0a71 c10cdfb1 c10cde42 c116f49a (asid=0x00000000)  1
0806552d 0806546d 0806ddc2 0806aa0b 080679ce 08065bb8 080d8c12 080dd09c 080dca74 b7624e2f c12c835f c10d8b01 c10d8a87 c11cfccf c11d2d00 c11d29eb c11cd7d7 (asid=0x00000000)  2
c104ac1f 08065777 0806552d 0806546d 0806ddc2 0806aa0b 080679ce 08065ca0 0808a5b7 b762509c b7625a99 c12c835f c10d8b01 c10d8a87 c11cf9e6 (asid=0x00000000)  3
c104ac1f 080d8c2d 080d8785 080ec021 080eb89c b761e463 c12c835f c10cd41a c10cd38c c11cddfd c11d1fed c11d09c9 (asid=0x00000000)  1
c104ac1f c11d20b3 c11d09c9 (asid=0x00000000)  1
c104ac1f c11d1fed c11d09cf (asid=0x00000000)  1
c104ac1f c11d20b3 c11d09cf (asid=0x00000000)  1
08065777 0806552d 0806546d 0806ddc2 0806aa0b 080679ce 08065bb8 080d8c12 080dd09c 080dca74 b7624e2f c12c835f c10d8b01 c10d8a87 c11cfccf c11d2d00 c11d29e6 (asid=0x00000000)  2
c104ac1f 080d8c2d 080d8785 080ec021 080eb89c b761e463 c12c835f c10cd41a c10cd38c c11cddfd c11d1fc3 c11d01fb c11d550c c11d5000 (asid=0x00000000)  1
080d87ea 080d808e 080e8428 b75b97b0 b75c54ca b75c4ae6 b75c47cf b75c4b44 b761e4e3 c12c835f c10cd47b c10cd2bb c11ce2d0 c11d08ca c11e1d1f c11e0d42 c11e0638 (asid=0x00000000)  2
080d8c2d 080d87ea 080d808e 080e8428 b75b97b0 b75c54ca b75c4ae6 b75c47cf b75c4b44 b761e4e3 c12c835f c10cd47b c10cd2bb c11ce2d0 c11d090c c11e0d42 c11e063e (asid=0x00000000)  2
080d8c2d 080d87ea 080d808e 080e8428 b75b97b0 b75c54ca b75c4ae6 b75c47cf b75c4b44 b761e4e3 c12c835f c10cd47b c10cd2bb c11ce2d0 c11d07e8 c11d28e6 c11e0ede (asid=0x00000000)  1
080d8c2d 080d87ea 080d808e 080e8428 b75b97b0 b75c54ca b75c4ae6 b75c47cf b75c4b44 b761e4e3 c12c835f c10cd47b c10cd2bb c11ce2d0 c11d07e8 c11d28e6 c11e0ee6 (asid=0x00000000)  1
0804a13d b7635e46 08049f14 0804a7bc 0804c938 b76e54e3 c12c835f c10cd47b c10cd2bb c11ce2d0 c11d08ca c11e1c5d (asid=0x00000000)  1
c104ac1f 080d8c2d 080d87ea 080d808e 080e8428 b75b97b0 b75c54ca b75c4ae6 b75c47cf b75c4b44 b761e4e3 c12c835f c10cd47b c10cd2bb c11ce2d0 c11d08ca c11e1cb3 (asid=0x00000000)  2
c104ac1f 080d8c2d 080d87ea 080d808e 080e8428 b75b97b0 b75c54ca b75c4ae6 b75c47cf b75c4b44 b761e4e3 c12c835f c10cd47b c10cd2bb c11ce2d0 c11d08ca c11e1cbe (asid=0x00000000)  2
c104ac1f 080d8c2d 080d87ea 080d808e 080e8428 b75b97b0 b75c54ca b75c4ae6 b75c47cf b75c4b44 b761e4e3 c12c835f c10cd47b c10cd2bb c11ce2d0 c11d08ca c11e1cef (asid=0x00000000)  1
c104ac1f 080d8c2d 080d87ea 080d808e 080e8428 b75b97b0 b75c54ca b75c4ae6 b75c47cf b75c4b44 b761e4e3 c12c835f c10cd47b c10cd2bb c11ce2d0 c11d08ca c11e1d03 (asid=0x00000000)  1
0804a13d b7635e46 08049f14 0804a7bc 0804c938 b76e54e3 c12c835f c10cd47b c10cd2bb c11ce2d0 c11d08ca c11e1d27 (asid=0x00000000)  1
0804a13d b7635e46 08049d2d b764e57f b764e50f b779774a c12c88f0 c100c806 c100cb11 c1079982 c1077c8b c1077b5c c11e357e c11e426b c11e4209 c11e3e09 (asid=0x00000000)  4
0804a13d b7635e46 08049d2d b764e57f b764e50f b779774a c12c88f0 c100c806 c100cb11 c1079982 c1077c8b c1077b5c c11e357e c11e426b c11e4209 c11e3e1a (asid=0x00000000)  4
0804a13d b7635e46 08049d2d b764e57f b764e50f b779774a c12c88f0 c100c806 c100cb11 c1079982 c1077c8b c1077b5c c11e357e c11e426b c11e4209 c11e3e26 (asid=0x00000000)  4
0804a13d b7635e46 08049d2d b764e57f b764e50f b779774a c12c88f0 c100c806 c100cb11 c1079982 c1077c8b c1077b5c c11e357e c11e426b c11e4209 c11e3e2c (asid=0x00000000)  8
0804a13d b7635e46 08049d2d b764e57f b764e50f b779774a c12c88f0 c100c806 c100cb11 c1079982 c1077c8b c1077b5c c11e357e c11e426b c11e4209 c11e3e2f (asid=0x00000000)  4
c12c835f c10cd47b c10cd2bb c11ce2d0 c11d08ca c11e1d1f c12c3ae6 c12c88f0 c100c806 c100cb11 c1079982 c1077c8b c1077b5c c11e357e c11e426b c11e4209 c11e3e35 (asid=0x00000000)  1
c12c835f c10cd47b c10cd2bb c11ce2d0 c11d08ca c11e1d1f c12c3ae6 c12c88f0 c100c806 c100cb11 c1079982 c1077c8b c1077b5c c11e357e c11e426b c11e4209 c11e3e5d (asid=0x00000000)  1
c12c835f c10cd47b c10cd2bb c11ce2d0 c11d08ca c11e1d1f c12c3ae6 c12c88f0 c100c806 c100cb11 c1079982 c1077c8b c1077b5c c11e357e c11e426b c11e4209 c11e3e63 (asid=0x00000000)  1
c12c835f c10cd47b c10cd2bb c11ce2d0 c11d08ca c11e1d1f c12c3ae6 c12c88f0 c100c806 c100cb11 c1079982 c1077c8b c1077b5c c11e357e c11e426b c11e4209 c11e3e7c (asid=0x00000000)  1
c12c835f c10cd47b c10cd2bb c11ce2d0 c11d08ca c11e1d1f c12c3ae6 c12c88f0 c100c806 c100cb11 c1079982 c1077c8b c1077b5c c11e357e c11e426b c11e4209 c11e3e82 (asid=0x00000000)  1
c12c835f c10cd47b c10cd2bb c11ce2d0 c11d08ca c11e1d1f c12c3ae6 c12c88f0 c100c806 c100cb11 c1079982 c1077c8b c1077b5c c11e357e c11e426b c11e4209 c11e3ead (asid=0x00000000)  1
c12c835f c10cd47b c10cd2bb c11ce2d0 c11d08ca c11e1d1f c12c3ae6 c12c88f0 c100c806 c100cb11 c1079982 c1077c8b c1077b5c c11e357e c11e426b c11e4209 c11e3eb3 (asid=0x00000000)  1
080d808e 080e8428 b75b97b0 b75c54ca b75c4ae6 b75c47cf b75c4b44 b761e4e3 c12c835f c10cd47b c10cd2bb c11ce2d0 c11d08ca c11e1d1f c11e0d42 c11e0669 c11e3ec5 (asid=0x00000000)  1
080d808e 080e8428 b75b97b0 b75c54ca b75c4ae6 b75c47cf b75c4b44 b761e4e3 c12c835f c10cd47b c10cd2bb c11ce2d0 c11d08ca c11e1d1f c11e0d42 c11e0669 c11e3f4c (asid=0x00000000)  1
c12c835f c10cd47b c10cd2bb c11ce2d0 c11d08f0 c11d0436 c11d0309 c11e1d1f c12c3ae6 c12c88f0 c100c806 c100cb11 c1079982 c1077c8b c1077c3f c11e7735 c11e6a4c (asid=0x00000000)  1
b75c4b44 b761e4e3 c12c835f c10cd47b c10cd2bb c11ce2d0 c11d08ca c11e1d1f c12c3ae6 c12c88f0 c100c806 c100cb11 c1079982 c1077c8b c1077c3f c11e7735 c11e6a57 (asid=0x00000000)  2
c10fd599 c11e7233 c11e7120 c11e6c70 c11e6a62 (asid=0x00000000)  1
c10fd599 c11e7233 c11e7120 c11e6c70 c11e6a6d (asid=0x00000000)  1
c12c835f c10cd47b c10cd2bb c11ce2d0 c11d08f0 c11d0436 c11d0309 c11e1d1f c12c3ae6 c12c88f0 c100c806 c100cb11 c1079982 c1077c8b c1077c3f c11e7735 c11e6a6d (asid=0x00000000)  1
c10fd599 c11e7233 c11e7120 c11e6c70 c11e6a78 (asid=0x00000000)  2
c10fd599 c11e7233 c11e7120 c11e6c70 c11e6a91 (asid=0x00000000)  2
c10fd599 c11e7233 c11e70fa c11e6b22 (asid=0x00000000)  1
c10fd599 c11e7233 c11e70fa c11e6c01 (asid=0x00000000)  1
c10fd599 c11e7233 c11e7120 c11e6ca5 (asid=0x00000000)  1
c10fd599 c11e7233 c11e7120 c11e6cec (asid=0x00000000)  2
c10fd599 c11e7233 c11e70e9 c11e7020 (asid=0x00000000)  1
c10fd599 c11e7233 c11e70e9 c11e709b (asid=0x00000000)  1
c10fd599 c11e7233 c11e70c6 (asid=0x00000000)  1
c10fd599 c11e7233 c11e718a (asid=0x00000000)  2
c10fd599 c11e7233 c11e71c3 (asid=0x00000000)  1
0804a7bc 0804c938 b76e54e3 c12c835f c10cd47b c10cd2bb c11ce2d0 c11d08ca c11e1d1f c12c3ae6 c12c88f0 c100c806 c100cb11 c1079982 c1077c8b c1077c3f c11e7688 (asid=0x00000000)  15
0804a7bc 0804c938 b76e54e3 c12c835f c10cd47b c10cd2bb c11ce2d0 c11d08ca c11e1d1f c12c3ae6 c12c88f0 c100c806 c100cb11 c1079982 c1077c8b c1077c3f c11e76ad (asid=0x00000000)  15
b764e4c8 b76bf674 c12c835f c103b830 c103b7fc c103b1df c103afe6 c1036955 c10b1a3f c10ad36e c12c88f0 c100c806 c100cb11 c1079982 c1077c8b c1077c3f c11e76bf (asid=0x00000000)  21
b764e4c8 b76bf674 c12c835f c103b830 c103b7fc c103b1df c103afe6 c1036955 c10b1a3f c10ad36e c12c88f0 c100c806 c100cb11 c1079982 c1077c8b c1077c3f c11e76c2 (asid=0x00000000)  21
b764e4c8 b76bf674 c12c835f c103b830 c103b7fc c103b1df c103afe6 c1036955 c10b1a3f c10ad36e c12c88f0 c100c806 c100cb11 c1079982 c1077c8b c1077c3f c11e76d7 (asid=0x00000000)  21
c10fd599 c11e7233 c11e7120 c11e6c57 c12abfe3 (asid=0x00000000)  1
c10fd599 c11e7233 c11e7120 c11e6c57 c12ac006 (asid=0x00000000)  1
c10fd599 c11e7233 c11e7120 c11e6c57 c12ac02d (asid=0x00000000)  1
c10fd599 c11e7233 c11e7120 c11e6c57 c12ac03d (asid=0x00000000)  1
c10fd599 c11e7233 c11e7120 c11e6c57 c12ac0b3 (asid=0x00000000)  1
c10fd599 c11e7233 c11e7120 c11e6c57 c12ac0e9 (asid=0x00000000)  1
c10fd599 c11e7233 c11e7120 c11e6c57 c12ac113 (asid=0x00000000)  1
c10fd599 c11e7233 c11e7120 c11e6c57 c12ac119 (asid=0x00000000)  1
c10fd599 c11e7233 c11e7120 c11e6c8c c12ac1f5 (asid=0x00000000)  1
c10fd599 c11e7233 c11e7120 c11e6c8c c12ac271 (asid=0x00000000)  1
c10fd599 c11e7233 c11e7120 c11e6c8c c12ac348 (asid=0x00000000)  1
c10fd599 c11e7233 c11e7120 c11e6c57 c12ac37f (asid=0x00000000)  1
c10fd599 c11e7233 c11e7120 c11e6c57 c12ac3fa (asid=0x00000000)  1
c10fd599 c11e7233 c11e7120 c11e6c8c c12ac447 (asid=0x00000000)  1
c10fd599 c11e7233 c11e7120 c11e6c8c c12ac4a2 (asid=0x00000000)  1
c10fd599 c11e7233 c11e7120 c11e6c57 c12ac4cf (asid=0x00000000)  1
c10fd599 c11e7233 c11e7120 c11e6c57 c12ac5d8 (asid=0x00000000)  1
c10fd599 c11e7233 c11e7120 c11e6c57 c12ac63d (asid=0x00000000)  1
c10fd599 c11e7233 c11e7120 c11e6c57 c12acab5 (asid=0x00000000)  1
c10fd599 c11e7233 c11e7120 c11e6c57 c12acb31 (asid=0x00000000)  1
c10fd599 c11e7233 c11e7120 c11e6c57 c12acc04 (asid=0x00000000)  1
c104ac1f c11d1ffd c11d241d c12c3190 (asid=0x00000000)  1
c104ac1f c11d1ffd c11d241d c12c31ab (asid=0x00000000)  1
c11ce2d0 c11d08ca c11e1d1f c12c3ae6 c12c88f0 c100c806 c100cb11 c1079982 c1077c8b c1077b5c c11e357e c11e426b c11e4209 c11e3e7c c11cd687 c102b794 c12c3ab5 (asid=0x00000000)  1
080d8c2d 080d87ea 080d808e 080e8428 b75b97b0 b75c54ca b75c4ae6 b75c47cf b75c4b44 b761e4e3 c12c835f c10cd47b c10cd2bb c11ce2d0 c11d0977 c104d930 c12c3ab5 (asid=0x00000000)  3
080d8c2d 080d87ea 080d808e 080e8428 b75b97b0 b75c54ca b75c4ae6 b75c47cf b75c4b44 b761e4e3 c12c835f c10cd47b c10cd2bb c11ce1e8 c11d3527 c11d3129 c12c3ab5 (asid=0x00000000)  4
0804a13d b7635e46 08049f14 0804a7bc 0804c938 b76e54e3 c12c835f c10cd47b c10cd2bb c11ce2d0 c11d08f0 c11d0436 c11d0309 c11e1d1f c11e0d39 c12c3ab5 (asid=0x00000000)  1
0804a13d b7635e46 08049f14 0804a7bc 0804c938 b76e54e3 c12c835f c10cd47b c10cd2bb c11ce2d0 c11d07e8 c11d28e6 c11e0ede c12c3ab5 (asid=0x00000000)  4
080d8c2d 080d87ea 080d808e 080e8428 b75b97b0 b75c54ca b75c4ae6 b75c47cf b75c4b44 b761e4e3 c12c835f c10cd47b c10cd2bb c11ce2d0 c11d08ca c11e1cb1 c12c3ab5 (asid=0x00000000)  3
c10cd2bb c11ce2d0 c11d08ca c11e1d1f c12c3ae6 c12c88f0 c100c806 c100cb11 c1079982 c1077c8b c1077b5c c11e357e c11e426b c11e4209 c11e3e7c c11cd687 c12c3adf (asid=0x00000000)  1
c104ac1f 080d8c2d 080d87ea 080d808e 080e8428 b75b97b0 b75c54ca b75c4ae6 b75c47cf b75c4b44 b761e4e3 c12c835f c10cd47b c10cd2bb c11ce2d0 c11d0977 c12c3adf (asid=0x00000000)  1
080d8c2d 080d87ea 080d808e 080e8428 b75b97b0 b75c54ca b75c4ae6 b75c47cf b75c4b44 b761e4e3 c12c835f c10cd47b c10cd2bb c11ce1e8 c11d3527 c11d314d c12c3adf (asid=0x00000000)  2
0804a13d b7635e46 08049f14 0804a7bc 0804c938 b76e54e3 c12c835f c10cd47b c10cd2bb c11ce2d0 c11d07e8 c11d28e6 c11e0eff c12c3adf (asid=0x00000000)  2
080d8c2d 080d87ea 080d808e 080e8428 b75b97b0 b75c54ca b75c4ae6 b75c47cf b75c4b44 b761e4e3 c12c835f c10cd47b c10cd2bb c11ce2d0 c11d08ca c11e1d16 c12c3adf (asid=0x00000000)  1
0804a13d b7635e46 08049f14 0804a7bc 0804c938 b76e54e3 c12c835f c10cd47b c10cd2bb c11ce2d0 c11d08f0 c11d0436 c11d0309 c11e1d1f c12c3adf (asid=0x00000000)  1
c10fd3ad c10fbcf7 c12c3ce6 (asid=0x00000000)  1
c10fd3ad c10fbcf7 c12c3ce7 (asid=0x00000000)  1
c10fd3ad c10fbcf7 c12c4849 (asid=0x00000000)  1
c10fd3ad c10fbcf7 c12c484a (asid=0x00000000)  1
c10fd3ad c10fbcf7 c12c48a7 c12c66ea (asid=0x00000000)  1
c104ac1f 08065777 0806552d 0806546d 08070434 08067699 c12c48a7 c12c68c6 (asid=0x00000000)  6
0804a13d b7635e46 08049d2d b764e57f b764e4c8 c12c48a7 c12c699a (asid=0x00000000)  2
c10fd3ad c10fbcf7 c12c48a7 c12c6a3a (asid=0x00000000)  1
0804a13d b7635e46 08049509 b763ffa9 b7640892 b7640e6c b76e4fe3 c12c8305 (asid=0x00000000)  1
c10b1a70 c10b0a71 c10cdf47 c89508df (asid=0x00000000)  1
c10b1a70 c10b0a71 c10cdf47 c895095b (asid=0x00000000)  1
0804a13d b7635e46 08049509 b763ffa9 b7640892 b7640e6c b76e4fe3 c12c835f c10cc873 c10cc7dc c10d6d92 c10d6c94 c10d683d c10cc77d c10cba2f c895095f (asid=0x00000000)  1
0804a13d b7635e46 08049509 b763ffa9 b7640892 b7640e6c b76e4fe3 c12c835f c10cc873 c10cc7dc c10d6d92 c10d6c94 c10d683d c10cc77d c10cba2f c8950a82 (asid=0x00000000)  1
0804a13d b7635e46 08049509 b763ffa9 b7640892 b7640e96 b76e47c3 c12c835f c10d0565 c10d038d c10d02c8 c8954eea (asid=0x00000000)  1
